2025-11-29 17:21:59 - charlotte - INFO - Starting scrape: max_permits=5000, days_back=90
2025-11-29 17:21:59 - charlotte - WARNING - Attempt 1/4 failed for _fetch_batch: Expecting value: line 1 column 1 (char 0). Retrying in 2s...
2025-11-29 17:22:01 - charlotte - WARNING - Attempt 2/4 failed for _fetch_batch: Expecting value: line 1 column 1 (char 0). Retrying in 4s...
2025-11-29 17:22:06 - charlotte - WARNING - Attempt 3/4 failed for _fetch_batch: Expecting value: line 1 column 1 (char 0). Retrying in 8s...
2025-11-29 17:22:14 - charlotte - ERROR - Final attempt failed for _fetch_batch: Expecting value: line 1 column 1 (char 0)
2025-11-29 17:22:14 - charlotte - WARNING - Request error at offset 0: Expecting value: line 1 column 1 (char 0)
2025-11-29 17:22:16 - charlotte - WARNING - Attempt 1/4 failed for _fetch_batch: Expecting value: line 1 column 1 (char 0). Retrying in 2s...
2025-11-29 17:22:19 - charlotte - WARNING - Attempt 2/4 failed for _fetch_batch: Expecting value: line 1 column 1 (char 0). Retrying in 4s...
2025-11-29 17:22:23 - charlotte - WARNING - Attempt 3/4 failed for _fetch_batch: Expecting value: line 1 column 1 (char 0). Retrying in 8s...
2025-11-29 17:22:31 - charlotte - ERROR - Final attempt failed for _fetch_batch: Expecting value: line 1 column 1 (char 0)
2025-11-29 17:22:31 - charlotte - WARNING - Request error at offset 1000: Expecting value: line 1 column 1 (char 0)
2025-11-29 17:22:33 - charlotte - WARNING - Attempt 1/4 failed for _fetch_batch: Expecting value: line 1 column 1 (char 0). Retrying in 2s...
2025-11-29 17:22:36 - charlotte - WARNING - Attempt 2/4 failed for _fetch_batch: Expecting value: line 1 column 1 (char 0). Retrying in 4s...
2025-11-29 17:22:40 - charlotte - WARNING - Attempt 3/4 failed for _fetch_batch: Expecting value: line 1 column 1 (char 0). Retrying in 8s...
2025-11-29 17:22:48 - charlotte - ERROR - Final attempt failed for _fetch_batch: Expecting value: line 1 column 1 (char 0)
2025-11-29 17:22:48 - charlotte - WARNING - Request error at offset 2000: Expecting value: line 1 column 1 (char 0)
2025-11-29 17:22:48 - charlotte - ERROR - Too many consecutive failures (3), stopping
2025-11-29 17:22:48 - charlotte - ERROR - ❌ No permits found
2025-11-29 17:22:48 - charlotte - WARNING - ❌ No permits scraped for charlotte
2025-12-01 09:46:31 - charlotte - INFO - Starting scrape: max_permits=5000, days_back=90
2025-12-01 09:46:31 - charlotte - WARNING - Attempt 1/4 failed for _fetch_batch: Expecting value: line 1 column 1 (char 0). Retrying in 2s...
2025-12-01 09:46:33 - charlotte - WARNING - Attempt 2/4 failed for _fetch_batch: Expecting value: line 1 column 1 (char 0). Retrying in 4s...
2025-12-01 09:46:37 - charlotte - WARNING - Attempt 3/4 failed for _fetch_batch: Expecting value: line 1 column 1 (char 0). Retrying in 8s...
2025-12-01 09:46:46 - charlotte - ERROR - Final attempt failed for _fetch_batch: Expecting value: line 1 column 1 (char 0)
2025-12-01 09:46:46 - charlotte - WARNING - Request error at offset 0: Expecting value: line 1 column 1 (char 0)
2025-12-01 09:46:48 - charlotte - WARNING - Attempt 1/4 failed for _fetch_batch: Expecting value: line 1 column 1 (char 0). Retrying in 2s...
2025-12-01 09:46:50 - charlotte - WARNING - Attempt 2/4 failed for _fetch_batch: Expecting value: line 1 column 1 (char 0). Retrying in 4s...
2025-12-01 09:46:54 - charlotte - WARNING - Attempt 3/4 failed for _fetch_batch: Expecting value: line 1 column 1 (char 0). Retrying in 8s...
2025-12-01 09:47:03 - charlotte - ERROR - Final attempt failed for _fetch_batch: Expecting value: line 1 column 1 (char 0)
2025-12-01 09:47:03 - charlotte - WARNING - Request error at offset 1000: Expecting value: line 1 column 1 (char 0)
2025-12-01 09:47:05 - charlotte - WARNING - Attempt 1/4 failed for _fetch_batch: Expecting value: line 1 column 1 (char 0). Retrying in 2s...
2025-12-01 09:47:07 - charlotte - WARNING - Attempt 2/4 failed for _fetch_batch: Expecting value: line 1 column 1 (char 0). Retrying in 4s...
2025-12-01 09:47:12 - charlotte - WARNING - Attempt 3/4 failed for _fetch_batch: Expecting value: line 1 column 1 (char 0). Retrying in 8s...
2025-12-01 09:47:20 - charlotte - ERROR - Final attempt failed for _fetch_batch: Expecting value: line 1 column 1 (char 0)
2025-12-01 09:47:20 - charlotte - WARNING - Request error at offset 2000: Expecting value: line 1 column 1 (char 0)
2025-12-01 09:47:20 - charlotte - ERROR - Too many consecutive failures (3), stopping
2025-12-01 09:47:20 - charlotte - ERROR - ❌ No permits found
2025-12-01 09:47:20 - charlotte - WARNING - ❌ No permits scraped for charlotte
2025-12-01 15:13:29 - charlotte - INFO - Starting scrape: max_permits=3, days_back=90
2025-12-01 15:13:29 - charlotte - WARNING - Attempt 1/4 failed for _fetch_batch: Expecting value: line 1 column 1 (char 0). Retrying in 2s...
2025-12-01 15:13:31 - charlotte - WARNING - Attempt 2/4 failed for _fetch_batch: Expecting value: line 1 column 1 (char 0). Retrying in 4s...
2025-12-01 15:13:35 - charlotte - WARNING - Attempt 3/4 failed for _fetch_batch: Expecting value: line 1 column 1 (char 0). Retrying in 8s...
2025-12-01 15:13:44 - charlotte - ERROR - Final attempt failed for _fetch_batch: Expecting value: line 1 column 1 (char 0)
2025-12-01 15:13:44 - charlotte - WARNING - Request error at offset 0: Expecting value: line 1 column 1 (char 0)
2025-12-01 15:13:46 - charlotte - WARNING - Attempt 1/4 failed for _fetch_batch: Expecting value: line 1 column 1 (char 0). Retrying in 2s...
2025-12-01 15:13:48 - charlotte - WARNING - Attempt 2/4 failed for _fetch_batch: Expecting value: line 1 column 1 (char 0). Retrying in 4s...
2025-12-01 15:13:53 - charlotte - WARNING - Attempt 3/4 failed for _fetch_batch: Expecting value: line 1 column 1 (char 0). Retrying in 8s...
2025-12-01 15:14:01 - charlotte - ERROR - Final attempt failed for _fetch_batch: Expecting value: line 1 column 1 (char 0)
2025-12-01 15:14:01 - charlotte - WARNING - Request error at offset 1000: Expecting value: line 1 column 1 (char 0)
2025-12-01 15:14:03 - charlotte - WARNING - Attempt 1/4 failed for _fetch_batch: Expecting value: line 1 column 1 (char 0). Retrying in 2s...
2025-12-01 15:14:05 - charlotte - WARNING - Attempt 2/4 failed for _fetch_batch: Expecting value: line 1 column 1 (char 0). Retrying in 4s...
2025-12-01 15:14:10 - charlotte - WARNING - Attempt 3/4 failed for _fetch_batch: Expecting value: line 1 column 1 (char 0). Retrying in 8s...
2025-12-01 15:14:18 - charlotte - ERROR - Final attempt failed for _fetch_batch: Expecting value: line 1 column 1 (char 0)
2025-12-01 15:14:18 - charlotte - WARNING - Request error at offset 2000: Expecting value: line 1 column 1 (char 0)
2025-12-01 15:14:18 - charlotte - ERROR - Too many consecutive failures (3), stopping
2025-12-01 15:14:18 - charlotte - ERROR - ❌ No permits found
2025-12-02 05:28:19 - charlotte - INFO - Starting scrape: max_permits=5000, days_back=90
2025-12-02 05:28:19 - charlotte - WARNING - Attempt 1/4 failed for _fetch_batch: Expecting value: line 1 column 1 (char 0). Retrying in 2s...
2025-12-02 05:28:21 - charlotte - WARNING - Attempt 2/4 failed for _fetch_batch: Expecting value: line 1 column 1 (char 0). Retrying in 4s...
2025-12-02 05:28:26 - charlotte - WARNING - Attempt 3/4 failed for _fetch_batch: Expecting value: line 1 column 1 (char 0). Retrying in 8s...
2025-12-02 05:28:34 - charlotte - ERROR - Final attempt failed for _fetch_batch: Expecting value: line 1 column 1 (char 0)
2025-12-02 05:28:34 - charlotte - WARNING - Request error at offset 0: Expecting value: line 1 column 1 (char 0)
2025-12-02 05:28:36 - charlotte - WARNING - Attempt 1/4 failed for _fetch_batch: Expecting value: line 1 column 1 (char 0). Retrying in 2s...
2025-12-02 05:28:38 - charlotte - WARNING - Attempt 2/4 failed for _fetch_batch: Expecting value: line 1 column 1 (char 0). Retrying in 4s...
2025-12-02 05:28:43 - charlotte - WARNING - Attempt 3/4 failed for _fetch_batch: Expecting value: line 1 column 1 (char 0). Retrying in 8s...
2025-12-02 05:28:51 - charlotte - ERROR - Final attempt failed for _fetch_batch: Expecting value: line 1 column 1 (char 0)
2025-12-02 05:28:51 - charlotte - WARNING - Request error at offset 1000: Expecting value: line 1 column 1 (char 0)
2025-12-02 05:28:53 - charlotte - WARNING - Attempt 1/4 failed for _fetch_batch: Expecting value: line 1 column 1 (char 0). Retrying in 2s...
2025-12-02 05:28:55 - charlotte - WARNING - Attempt 2/4 failed for _fetch_batch: Expecting value: line 1 column 1 (char 0). Retrying in 4s...
2025-12-02 05:29:00 - charlotte - WARNING - Attempt 3/4 failed for _fetch_batch: Expecting value: line 1 column 1 (char 0). Retrying in 8s...
2025-12-02 05:29:08 - charlotte - ERROR - Final attempt failed for _fetch_batch: Expecting value: line 1 column 1 (char 0)
2025-12-02 05:29:08 - charlotte - WARNING - Request error at offset 2000: Expecting value: line 1 column 1 (char 0)
2025-12-02 05:29:08 - charlotte - ERROR - Too many consecutive failures (3), stopping
2025-12-02 05:29:08 - charlotte - ERROR - ❌ No permits found
2025-12-02 05:29:08 - charlotte - WARNING - ❌ No permits scraped for charlotte
2025-12-02 20:38:41 - charlotte - INFO - Starting scrape: max_permits=3, days_back=90
2025-12-02 20:38:42 - charlotte - INFO - No more data at offset 0
2025-12-02 20:38:42 - charlotte - ERROR - ❌ No permits found
2025-12-03 19:18:08 - charlotte - INFO - Starting scrape: max_permits=5000, days_back=90
2025-12-03 19:18:08 - charlotte - INFO - No more data at offset 0
2025-12-03 19:18:08 - charlotte - ERROR - ❌ No permits found
2025-12-03 19:18:08 - charlotte - WARNING - ❌ No permits scraped for charlotte
2025-12-03 20:37:59 - charlotte - INFO - Starting scrape: max_permits=5000, days_back=90
2025-12-03 20:37:59 - charlotte - INFO - No more data at offset 0
2025-12-03 20:37:59 - charlotte - ERROR - ❌ No permits found
2025-12-03 20:37:59 - charlotte - WARNING - ❌ No permits scraped for charlotte
2025-12-03 20:48:10 - charlotte - INFO - Starting scrape: max_permits=5000, days_back=90
2025-12-03 20:48:10 - charlotte - INFO - No more data at offset 0
2025-12-03 20:48:10 - charlotte - ERROR - ❌ No permits found
2025-12-03 20:48:10 - charlotte - WARNING - ❌ No permits scraped for charlotte
2025-12-09 14:22:59 - charlotte - INFO - Starting scrape: max_permits=100, days_back=30
2025-12-09 14:22:59 - charlotte - INFO - No more data at offset 0
2025-12-09 14:22:59 - charlotte - ERROR - ❌ No permits found
2025-12-09 14:32:35 - charlotte - INFO - Starting scrape: max_permits=100, days_back=30
2025-12-09 14:32:35 - charlotte - INFO - ✅ Scraping Complete! Found 100 permits
2025-12-09 14:32:51 - charlotte - INFO - Starting scrape: max_permits=5000, days_back=30
2025-12-09 14:32:51 - charlotte - INFO - ✅ Scraping Complete! Found 265 permits
