2025-11-29 17:22:48 - chattanooga - INFO - 🏗️  Chattanooga TN Construction Permits Scraper
2025-11-29 17:22:48 - chattanooga - INFO - Date Range: 2025-08-31 to 2025-11-29
2025-11-29 17:22:49 - chattanooga - WARNING - Attempt 1/4 failed for _fetch_batch: 404 Client Error: Not Found for url: https://data.chattlibrary.org/resource/feqp-isti.json?%24where=issued_date+%3E%3D+%272025-08-31T00%3A00%3A00.000%27+AND+issued_date+%3C%3D+%272025-11-29T23%3A59%3A59.999%27&%24order=issued_date+DESC&%24limit=1000&%24offset=0. Retrying in 2s...
2025-11-29 17:22:51 - chattanooga - WARNING - Attempt 2/4 failed for _fetch_batch: 404 Client Error: Not Found for url: https://data.chattlibrary.org/resource/feqp-isti.json?%24where=issued_date+%3E%3D+%272025-08-31T00%3A00%3A00.000%27+AND+issued_date+%3C%3D+%272025-11-29T23%3A59%3A59.999%27&%24order=issued_date+DESC&%24limit=1000&%24offset=0. Retrying in 4s...
2025-11-29 17:22:55 - chattanooga - WARNING - Attempt 3/4 failed for _fetch_batch: 404 Client Error: Not Found for url: https://data.chattlibrary.org/resource/feqp-isti.json?%24where=issued_date+%3E%3D+%272025-08-31T00%3A00%3A00.000%27+AND+issued_date+%3C%3D+%272025-11-29T23%3A59%3A59.999%27&%24order=issued_date+DESC&%24limit=1000&%24offset=0. Retrying in 8s...
2025-11-29 17:23:03 - chattanooga - ERROR - Final attempt failed for _fetch_batch: 404 Client Error: Not Found for url: https://data.chattlibrary.org/resource/feqp-isti.json?%24where=issued_date+%3E%3D+%272025-08-31T00%3A00%3A00.000%27+AND+issued_date+%3C%3D+%272025-11-29T23%3A59%3A59.999%27&%24order=issued_date+DESC&%24limit=1000&%24offset=0
2025-11-29 17:23:03 - chattanooga - WARNING - Request error at offset 0: 404 Client Error: Not Found for url: https://data.chattlibrary.org/resource/feqp-isti.json?%24where=issued_date+%3E%3D+%272025-08-31T00%3A00%3A00.000%27+AND+issued_date+%3C%3D+%272025-11-29T23%3A59%3A59.999%27&%24order=issued_date+DESC&%24limit=1000&%24offset=0
2025-11-29 17:23:06 - chattanooga - WARNING - Attempt 1/4 failed for _fetch_batch: 404 Client Error: Not Found for url: https://data.chattlibrary.org/resource/feqp-isti.json?%24where=issued_date+%3E%3D+%272025-08-31T00%3A00%3A00.000%27+AND+issued_date+%3C%3D+%272025-11-29T23%3A59%3A59.999%27&%24order=issued_date+DESC&%24limit=1000&%24offset=1000. Retrying in 2s...
2025-11-29 17:23:08 - chattanooga - WARNING - Attempt 2/4 failed for _fetch_batch: 404 Client Error: Not Found for url: https://data.chattlibrary.org/resource/feqp-isti.json?%24where=issued_date+%3E%3D+%272025-08-31T00%3A00%3A00.000%27+AND+issued_date+%3C%3D+%272025-11-29T23%3A59%3A59.999%27&%24order=issued_date+DESC&%24limit=1000&%24offset=1000. Retrying in 4s...
2025-11-29 17:23:12 - chattanooga - WARNING - Attempt 3/4 failed for _fetch_batch: 404 Client Error: Not Found for url: https://data.chattlibrary.org/resource/feqp-isti.json?%24where=issued_date+%3E%3D+%272025-08-31T00%3A00%3A00.000%27+AND+issued_date+%3C%3D+%272025-11-29T23%3A59%3A59.999%27&%24order=issued_date+DESC&%24limit=1000&%24offset=1000. Retrying in 8s...
2025-11-29 17:23:20 - chattanooga - ERROR - Final attempt failed for _fetch_batch: 404 Client Error: Not Found for url: https://data.chattlibrary.org/resource/feqp-isti.json?%24where=issued_date+%3E%3D+%272025-08-31T00%3A00%3A00.000%27+AND+issued_date+%3C%3D+%272025-11-29T23%3A59%3A59.999%27&%24order=issued_date+DESC&%24limit=1000&%24offset=1000
2025-11-29 17:23:20 - chattanooga - WARNING - Request error at offset 1000: 404 Client Error: Not Found for url: https://data.chattlibrary.org/resource/feqp-isti.json?%24where=issued_date+%3E%3D+%272025-08-31T00%3A00%3A00.000%27+AND+issued_date+%3C%3D+%272025-11-29T23%3A59%3A59.999%27&%24order=issued_date+DESC&%24limit=1000&%24offset=1000
2025-11-29 17:23:22 - chattanooga - WARNING - Attempt 1/4 failed for _fetch_batch: 404 Client Error: Not Found for url: https://data.chattlibrary.org/resource/feqp-isti.json?%24where=issued_date+%3E%3D+%272025-08-31T00%3A00%3A00.000%27+AND+issued_date+%3C%3D+%272025-11-29T23%3A59%3A59.999%27&%24order=issued_date+DESC&%24limit=1000&%24offset=2000. Retrying in 2s...
2025-11-29 17:23:25 - chattanooga - WARNING - Attempt 2/4 failed for _fetch_batch: 404 Client Error: Not Found for url: https://data.chattlibrary.org/resource/feqp-isti.json?%24where=issued_date+%3E%3D+%272025-08-31T00%3A00%3A00.000%27+AND+issued_date+%3C%3D+%272025-11-29T23%3A59%3A59.999%27&%24order=issued_date+DESC&%24limit=1000&%24offset=2000. Retrying in 4s...
2025-11-29 17:23:29 - chattanooga - WARNING - Attempt 3/4 failed for _fetch_batch: 404 Client Error: Not Found for url: https://data.chattlibrary.org/resource/feqp-isti.json?%24where=issued_date+%3E%3D+%272025-08-31T00%3A00%3A00.000%27+AND+issued_date+%3C%3D+%272025-11-29T23%3A59%3A59.999%27&%24order=issued_date+DESC&%24limit=1000&%24offset=2000. Retrying in 8s...
2025-11-29 17:23:37 - chattanooga - ERROR - Final attempt failed for _fetch_batch: 404 Client Error: Not Found for url: https://data.chattlibrary.org/resource/feqp-isti.json?%24where=issued_date+%3E%3D+%272025-08-31T00%3A00%3A00.000%27+AND+issued_date+%3C%3D+%272025-11-29T23%3A59%3A59.999%27&%24order=issued_date+DESC&%24limit=1000&%24offset=2000
2025-11-29 17:23:37 - chattanooga - WARNING - Request error at offset 2000: 404 Client Error: Not Found for url: https://data.chattlibrary.org/resource/feqp-isti.json?%24where=issued_date+%3E%3D+%272025-08-31T00%3A00%3A00.000%27+AND+issued_date+%3C%3D+%272025-11-29T23%3A59%3A59.999%27&%24order=issued_date+DESC&%24limit=1000&%24offset=2000
2025-11-29 17:23:37 - chattanooga - ERROR - Too many consecutive failures (3), stopping
2025-11-29 17:23:37 - chattanooga - ERROR - ❌ No permits found
2025-11-29 17:23:37 - chattanooga - WARNING - ❌ No permits scraped for chattanooga
2025-12-01 09:44:35 - chattanooga - INFO - 🏗️  Chattanooga TN Construction Permits Scraper
2025-12-01 09:44:35 - chattanooga - INFO - Date Range: 2025-09-02 to 2025-12-01
2025-12-01 09:44:35 - chattanooga - WARNING - Attempt 1/4 failed for _fetch_batch: 404 Client Error: Not Found for url: https://data.chattlibrary.org/resource/feqp-isti.json?%24where=issued_date+%3E%3D+%272025-09-02T00%3A00%3A00.000%27+AND+issued_date+%3C%3D+%272025-12-01T23%3A59%3A59.999%27&%24order=issued_date+DESC&%24limit=1000&%24offset=0. Retrying in 2s...
2025-12-01 09:44:37 - chattanooga - WARNING - Attempt 2/4 failed for _fetch_batch: 404 Client Error: Not Found for url: https://data.chattlibrary.org/resource/feqp-isti.json?%24where=issued_date+%3E%3D+%272025-09-02T00%3A00%3A00.000%27+AND+issued_date+%3C%3D+%272025-12-01T23%3A59%3A59.999%27&%24order=issued_date+DESC&%24limit=1000&%24offset=0. Retrying in 4s...
2025-12-01 09:44:42 - chattanooga - WARNING - Attempt 3/4 failed for _fetch_batch: 404 Client Error: Not Found for url: https://data.chattlibrary.org/resource/feqp-isti.json?%24where=issued_date+%3E%3D+%272025-09-02T00%3A00%3A00.000%27+AND+issued_date+%3C%3D+%272025-12-01T23%3A59%3A59.999%27&%24order=issued_date+DESC&%24limit=1000&%24offset=0. Retrying in 8s...
2025-12-01 09:44:50 - chattanooga - ERROR - Final attempt failed for _fetch_batch: 404 Client Error: Not Found for url: https://data.chattlibrary.org/resource/feqp-isti.json?%24where=issued_date+%3E%3D+%272025-09-02T00%3A00%3A00.000%27+AND+issued_date+%3C%3D+%272025-12-01T23%3A59%3A59.999%27&%24order=issued_date+DESC&%24limit=1000&%24offset=0
2025-12-01 09:44:50 - chattanooga - WARNING - Request error at offset 0: 404 Client Error: Not Found for url: https://data.chattlibrary.org/resource/feqp-isti.json?%24where=issued_date+%3E%3D+%272025-09-02T00%3A00%3A00.000%27+AND+issued_date+%3C%3D+%272025-12-01T23%3A59%3A59.999%27&%24order=issued_date+DESC&%24limit=1000&%24offset=0
2025-12-01 09:44:52 - chattanooga - WARNING - Attempt 1/4 failed for _fetch_batch: 404 Client Error: Not Found for url: https://data.chattlibrary.org/resource/feqp-isti.json?%24where=issued_date+%3E%3D+%272025-09-02T00%3A00%3A00.000%27+AND+issued_date+%3C%3D+%272025-12-01T23%3A59%3A59.999%27&%24order=issued_date+DESC&%24limit=1000&%24offset=1000. Retrying in 2s...
2025-12-01 09:44:54 - chattanooga - WARNING - Attempt 2/4 failed for _fetch_batch: 404 Client Error: Not Found for url: https://data.chattlibrary.org/resource/feqp-isti.json?%24where=issued_date+%3E%3D+%272025-09-02T00%3A00%3A00.000%27+AND+issued_date+%3C%3D+%272025-12-01T23%3A59%3A59.999%27&%24order=issued_date+DESC&%24limit=1000&%24offset=1000. Retrying in 4s...
2025-12-01 09:44:58 - chattanooga - WARNING - Attempt 3/4 failed for _fetch_batch: 404 Client Error: Not Found for url: https://data.chattlibrary.org/resource/feqp-isti.json?%24where=issued_date+%3E%3D+%272025-09-02T00%3A00%3A00.000%27+AND+issued_date+%3C%3D+%272025-12-01T23%3A59%3A59.999%27&%24order=issued_date+DESC&%24limit=1000&%24offset=1000. Retrying in 8s...
2025-12-01 09:45:07 - chattanooga - ERROR - Final attempt failed for _fetch_batch: 404 Client Error: Not Found for url: https://data.chattlibrary.org/resource/feqp-isti.json?%24where=issued_date+%3E%3D+%272025-09-02T00%3A00%3A00.000%27+AND+issued_date+%3C%3D+%272025-12-01T23%3A59%3A59.999%27&%24order=issued_date+DESC&%24limit=1000&%24offset=1000
2025-12-01 09:45:07 - chattanooga - WARNING - Request error at offset 1000: 404 Client Error: Not Found for url: https://data.chattlibrary.org/resource/feqp-isti.json?%24where=issued_date+%3E%3D+%272025-09-02T00%3A00%3A00.000%27+AND+issued_date+%3C%3D+%272025-12-01T23%3A59%3A59.999%27&%24order=issued_date+DESC&%24limit=1000&%24offset=1000
2025-12-01 09:45:09 - chattanooga - WARNING - Attempt 1/4 failed for _fetch_batch: 404 Client Error: Not Found for url: https://data.chattlibrary.org/resource/feqp-isti.json?%24where=issued_date+%3E%3D+%272025-09-02T00%3A00%3A00.000%27+AND+issued_date+%3C%3D+%272025-12-01T23%3A59%3A59.999%27&%24order=issued_date+DESC&%24limit=1000&%24offset=2000. Retrying in 2s...
2025-12-01 09:45:11 - chattanooga - WARNING - Attempt 2/4 failed for _fetch_batch: 404 Client Error: Not Found for url: https://data.chattlibrary.org/resource/feqp-isti.json?%24where=issued_date+%3E%3D+%272025-09-02T00%3A00%3A00.000%27+AND+issued_date+%3C%3D+%272025-12-01T23%3A59%3A59.999%27&%24order=issued_date+DESC&%24limit=1000&%24offset=2000. Retrying in 4s...
2025-12-01 09:45:15 - chattanooga - WARNING - Attempt 3/4 failed for _fetch_batch: 404 Client Error: Not Found for url: https://data.chattlibrary.org/resource/feqp-isti.json?%24where=issued_date+%3E%3D+%272025-09-02T00%3A00%3A00.000%27+AND+issued_date+%3C%3D+%272025-12-01T23%3A59%3A59.999%27&%24order=issued_date+DESC&%24limit=1000&%24offset=2000. Retrying in 8s...
2025-12-01 09:45:23 - chattanooga - ERROR - Final attempt failed for _fetch_batch: 404 Client Error: Not Found for url: https://data.chattlibrary.org/resource/feqp-isti.json?%24where=issued_date+%3E%3D+%272025-09-02T00%3A00%3A00.000%27+AND+issued_date+%3C%3D+%272025-12-01T23%3A59%3A59.999%27&%24order=issued_date+DESC&%24limit=1000&%24offset=2000
2025-12-01 09:45:23 - chattanooga - WARNING - Request error at offset 2000: 404 Client Error: Not Found for url: https://data.chattlibrary.org/resource/feqp-isti.json?%24where=issued_date+%3E%3D+%272025-09-02T00%3A00%3A00.000%27+AND+issued_date+%3C%3D+%272025-12-01T23%3A59%3A59.999%27&%24order=issued_date+DESC&%24limit=1000&%24offset=2000
2025-12-01 09:45:23 - chattanooga - ERROR - Too many consecutive failures (3), stopping
2025-12-01 09:45:23 - chattanooga - ERROR - ❌ No permits found
2025-12-01 09:45:23 - chattanooga - WARNING - ❌ No permits scraped for chattanooga
2025-12-01 15:08:57 - chattanooga - INFO - 🏗️  Chattanooga TN Construction Permits Scraper
2025-12-01 15:08:57 - chattanooga - INFO - Date Range: 2025-09-02 to 2025-12-01
2025-12-01 15:08:57 - chattanooga - WARNING - Attempt 1/4 failed for _fetch_batch: 404 Client Error: Not Found for url: https://data.chattlibrary.org/resource/feqp-isti.json?%24where=issued_date+%3E%3D+%272025-09-02T00%3A00%3A00.000%27+AND+issued_date+%3C%3D+%272025-12-01T23%3A59%3A59.999%27&%24order=issued_date+DESC&%24limit=5&%24offset=0. Retrying in 2s...
2025-12-01 15:08:59 - chattanooga - WARNING - Attempt 2/4 failed for _fetch_batch: 404 Client Error: Not Found for url: https://data.chattlibrary.org/resource/feqp-isti.json?%24where=issued_date+%3E%3D+%272025-09-02T00%3A00%3A00.000%27+AND+issued_date+%3C%3D+%272025-12-01T23%3A59%3A59.999%27&%24order=issued_date+DESC&%24limit=5&%24offset=0. Retrying in 4s...
2025-12-01 15:09:03 - chattanooga - WARNING - Attempt 3/4 failed for _fetch_batch: 404 Client Error: Not Found for url: https://data.chattlibrary.org/resource/feqp-isti.json?%24where=issued_date+%3E%3D+%272025-09-02T00%3A00%3A00.000%27+AND+issued_date+%3C%3D+%272025-12-01T23%3A59%3A59.999%27&%24order=issued_date+DESC&%24limit=5&%24offset=0. Retrying in 8s...
2025-12-01 15:09:12 - chattanooga - ERROR - Final attempt failed for _fetch_batch: 404 Client Error: Not Found for url: https://data.chattlibrary.org/resource/feqp-isti.json?%24where=issued_date+%3E%3D+%272025-09-02T00%3A00%3A00.000%27+AND+issued_date+%3C%3D+%272025-12-01T23%3A59%3A59.999%27&%24order=issued_date+DESC&%24limit=5&%24offset=0
2025-12-01 15:09:12 - chattanooga - WARNING - Request error at offset 0: 404 Client Error: Not Found for url: https://data.chattlibrary.org/resource/feqp-isti.json?%24where=issued_date+%3E%3D+%272025-09-02T00%3A00%3A00.000%27+AND+issued_date+%3C%3D+%272025-12-01T23%3A59%3A59.999%27&%24order=issued_date+DESC&%24limit=5&%24offset=0
2025-12-01 15:09:14 - chattanooga - WARNING - Attempt 1/4 failed for _fetch_batch: 404 Client Error: Not Found for url: https://data.chattlibrary.org/resource/feqp-isti.json?%24where=issued_date+%3E%3D+%272025-09-02T00%3A00%3A00.000%27+AND+issued_date+%3C%3D+%272025-12-01T23%3A59%3A59.999%27&%24order=issued_date+DESC&%24limit=5&%24offset=1000. Retrying in 2s...
2025-12-01 15:09:16 - chattanooga - WARNING - Attempt 2/4 failed for _fetch_batch: 404 Client Error: Not Found for url: https://data.chattlibrary.org/resource/feqp-isti.json?%24where=issued_date+%3E%3D+%272025-09-02T00%3A00%3A00.000%27+AND+issued_date+%3C%3D+%272025-12-01T23%3A59%3A59.999%27&%24order=issued_date+DESC&%24limit=5&%24offset=1000. Retrying in 4s...
2025-12-01 15:09:20 - chattanooga - WARNING - Attempt 3/4 failed for _fetch_batch: 404 Client Error: Not Found for url: https://data.chattlibrary.org/resource/feqp-isti.json?%24where=issued_date+%3E%3D+%272025-09-02T00%3A00%3A00.000%27+AND+issued_date+%3C%3D+%272025-12-01T23%3A59%3A59.999%27&%24order=issued_date+DESC&%24limit=5&%24offset=1000. Retrying in 8s...
2025-12-01 15:09:28 - chattanooga - ERROR - Final attempt failed for _fetch_batch: 404 Client Error: Not Found for url: https://data.chattlibrary.org/resource/feqp-isti.json?%24where=issued_date+%3E%3D+%272025-09-02T00%3A00%3A00.000%27+AND+issued_date+%3C%3D+%272025-12-01T23%3A59%3A59.999%27&%24order=issued_date+DESC&%24limit=5&%24offset=1000
2025-12-01 15:09:28 - chattanooga - WARNING - Request error at offset 1000: 404 Client Error: Not Found for url: https://data.chattlibrary.org/resource/feqp-isti.json?%24where=issued_date+%3E%3D+%272025-09-02T00%3A00%3A00.000%27+AND+issued_date+%3C%3D+%272025-12-01T23%3A59%3A59.999%27&%24order=issued_date+DESC&%24limit=5&%24offset=1000
2025-12-01 15:09:31 - chattanooga - WARNING - Attempt 1/4 failed for _fetch_batch: 404 Client Error: Not Found for url: https://data.chattlibrary.org/resource/feqp-isti.json?%24where=issued_date+%3E%3D+%272025-09-02T00%3A00%3A00.000%27+AND+issued_date+%3C%3D+%272025-12-01T23%3A59%3A59.999%27&%24order=issued_date+DESC&%24limit=5&%24offset=2000. Retrying in 2s...
2025-12-01 15:09:33 - chattanooga - WARNING - Attempt 2/4 failed for _fetch_batch: 404 Client Error: Not Found for url: https://data.chattlibrary.org/resource/feqp-isti.json?%24where=issued_date+%3E%3D+%272025-09-02T00%3A00%3A00.000%27+AND+issued_date+%3C%3D+%272025-12-01T23%3A59%3A59.999%27&%24order=issued_date+DESC&%24limit=5&%24offset=2000. Retrying in 4s...
2025-12-01 15:09:37 - chattanooga - WARNING - Attempt 3/4 failed for _fetch_batch: 404 Client Error: Not Found for url: https://data.chattlibrary.org/resource/feqp-isti.json?%24where=issued_date+%3E%3D+%272025-09-02T00%3A00%3A00.000%27+AND+issued_date+%3C%3D+%272025-12-01T23%3A59%3A59.999%27&%24order=issued_date+DESC&%24limit=5&%24offset=2000. Retrying in 8s...
2025-12-01 15:09:45 - chattanooga - ERROR - Final attempt failed for _fetch_batch: 404 Client Error: Not Found for url: https://data.chattlibrary.org/resource/feqp-isti.json?%24where=issued_date+%3E%3D+%272025-09-02T00%3A00%3A00.000%27+AND+issued_date+%3C%3D+%272025-12-01T23%3A59%3A59.999%27&%24order=issued_date+DESC&%24limit=5&%24offset=2000
2025-12-01 15:09:45 - chattanooga - WARNING - Request error at offset 2000: 404 Client Error: Not Found for url: https://data.chattlibrary.org/resource/feqp-isti.json?%24where=issued_date+%3E%3D+%272025-09-02T00%3A00%3A00.000%27+AND+issued_date+%3C%3D+%272025-12-01T23%3A59%3A59.999%27&%24order=issued_date+DESC&%24limit=5&%24offset=2000
2025-12-01 15:09:45 - chattanooga - ERROR - Too many consecutive failures (3), stopping
2025-12-01 15:09:45 - chattanooga - ERROR - ❌ No permits found
2025-12-02 05:26:24 - chattanooga - INFO - 🏗️  Chattanooga TN Construction Permits Scraper
2025-12-02 05:26:24 - chattanooga - INFO - Date Range: 2025-09-03 to 2025-12-02
2025-12-02 05:26:24 - chattanooga - WARNING - Attempt 1/4 failed for _fetch_batch: 404 Client Error: Not Found for url: https://data.chattlibrary.org/resource/feqp-isti.json?%24where=issued_date+%3E%3D+%272025-09-03T00%3A00%3A00.000%27+AND+issued_date+%3C%3D+%272025-12-02T23%3A59%3A59.999%27&%24order=issued_date+DESC&%24limit=1000&%24offset=0. Retrying in 2s...
2025-12-02 05:26:27 - chattanooga - WARNING - Attempt 2/4 failed for _fetch_batch: 404 Client Error: Not Found for url: https://data.chattlibrary.org/resource/feqp-isti.json?%24where=issued_date+%3E%3D+%272025-09-03T00%3A00%3A00.000%27+AND+issued_date+%3C%3D+%272025-12-02T23%3A59%3A59.999%27&%24order=issued_date+DESC&%24limit=1000&%24offset=0. Retrying in 4s...
2025-12-02 05:26:31 - chattanooga - WARNING - Attempt 3/4 failed for _fetch_batch: 404 Client Error: Not Found for url: https://data.chattlibrary.org/resource/feqp-isti.json?%24where=issued_date+%3E%3D+%272025-09-03T00%3A00%3A00.000%27+AND+issued_date+%3C%3D+%272025-12-02T23%3A59%3A59.999%27&%24order=issued_date+DESC&%24limit=1000&%24offset=0. Retrying in 8s...
2025-12-02 05:26:39 - chattanooga - ERROR - Final attempt failed for _fetch_batch: 404 Client Error: Not Found for url: https://data.chattlibrary.org/resource/feqp-isti.json?%24where=issued_date+%3E%3D+%272025-09-03T00%3A00%3A00.000%27+AND+issued_date+%3C%3D+%272025-12-02T23%3A59%3A59.999%27&%24order=issued_date+DESC&%24limit=1000&%24offset=0
2025-12-02 05:26:39 - chattanooga - WARNING - Request error at offset 0: 404 Client Error: Not Found for url: https://data.chattlibrary.org/resource/feqp-isti.json?%24where=issued_date+%3E%3D+%272025-09-03T00%3A00%3A00.000%27+AND+issued_date+%3C%3D+%272025-12-02T23%3A59%3A59.999%27&%24order=issued_date+DESC&%24limit=1000&%24offset=0
2025-12-02 05:26:41 - chattanooga - WARNING - Attempt 1/4 failed for _fetch_batch: 404 Client Error: Not Found for url: https://data.chattlibrary.org/resource/feqp-isti.json?%24where=issued_date+%3E%3D+%272025-09-03T00%3A00%3A00.000%27+AND+issued_date+%3C%3D+%272025-12-02T23%3A59%3A59.999%27&%24order=issued_date+DESC&%24limit=1000&%24offset=1000. Retrying in 2s...
2025-12-02 05:26:43 - chattanooga - WARNING - Attempt 2/4 failed for _fetch_batch: 404 Client Error: Not Found for url: https://data.chattlibrary.org/resource/feqp-isti.json?%24where=issued_date+%3E%3D+%272025-09-03T00%3A00%3A00.000%27+AND+issued_date+%3C%3D+%272025-12-02T23%3A59%3A59.999%27&%24order=issued_date+DESC&%24limit=1000&%24offset=1000. Retrying in 4s...
2025-12-02 05:26:47 - chattanooga - WARNING - Attempt 3/4 failed for _fetch_batch: 404 Client Error: Not Found for url: https://data.chattlibrary.org/resource/feqp-isti.json?%24where=issued_date+%3E%3D+%272025-09-03T00%3A00%3A00.000%27+AND+issued_date+%3C%3D+%272025-12-02T23%3A59%3A59.999%27&%24order=issued_date+DESC&%24limit=1000&%24offset=1000. Retrying in 8s...
2025-12-02 05:26:56 - chattanooga - ERROR - Final attempt failed for _fetch_batch: 404 Client Error: Not Found for url: https://data.chattlibrary.org/resource/feqp-isti.json?%24where=issued_date+%3E%3D+%272025-09-03T00%3A00%3A00.000%27+AND+issued_date+%3C%3D+%272025-12-02T23%3A59%3A59.999%27&%24order=issued_date+DESC&%24limit=1000&%24offset=1000
2025-12-02 05:26:56 - chattanooga - WARNING - Request error at offset 1000: 404 Client Error: Not Found for url: https://data.chattlibrary.org/resource/feqp-isti.json?%24where=issued_date+%3E%3D+%272025-09-03T00%3A00%3A00.000%27+AND+issued_date+%3C%3D+%272025-12-02T23%3A59%3A59.999%27&%24order=issued_date+DESC&%24limit=1000&%24offset=1000
2025-12-02 05:26:58 - chattanooga - WARNING - Attempt 1/4 failed for _fetch_batch: 404 Client Error: Not Found for url: https://data.chattlibrary.org/resource/feqp-isti.json?%24where=issued_date+%3E%3D+%272025-09-03T00%3A00%3A00.000%27+AND+issued_date+%3C%3D+%272025-12-02T23%3A59%3A59.999%27&%24order=issued_date+DESC&%24limit=1000&%24offset=2000. Retrying in 2s...
2025-12-02 05:27:00 - chattanooga - WARNING - Attempt 2/4 failed for _fetch_batch: 404 Client Error: Not Found for url: https://data.chattlibrary.org/resource/feqp-isti.json?%24where=issued_date+%3E%3D+%272025-09-03T00%3A00%3A00.000%27+AND+issued_date+%3C%3D+%272025-12-02T23%3A59%3A59.999%27&%24order=issued_date+DESC&%24limit=1000&%24offset=2000. Retrying in 4s...
2025-12-02 05:27:04 - chattanooga - WARNING - Attempt 3/4 failed for _fetch_batch: 404 Client Error: Not Found for url: https://data.chattlibrary.org/resource/feqp-isti.json?%24where=issued_date+%3E%3D+%272025-09-03T00%3A00%3A00.000%27+AND+issued_date+%3C%3D+%272025-12-02T23%3A59%3A59.999%27&%24order=issued_date+DESC&%24limit=1000&%24offset=2000. Retrying in 8s...
2025-12-02 05:27:12 - chattanooga - ERROR - Final attempt failed for _fetch_batch: 404 Client Error: Not Found for url: https://data.chattlibrary.org/resource/feqp-isti.json?%24where=issued_date+%3E%3D+%272025-09-03T00%3A00%3A00.000%27+AND+issued_date+%3C%3D+%272025-12-02T23%3A59%3A59.999%27&%24order=issued_date+DESC&%24limit=1000&%24offset=2000
2025-12-02 05:27:12 - chattanooga - WARNING - Request error at offset 2000: 404 Client Error: Not Found for url: https://data.chattlibrary.org/resource/feqp-isti.json?%24where=issued_date+%3E%3D+%272025-09-03T00%3A00%3A00.000%27+AND+issued_date+%3C%3D+%272025-12-02T23%3A59%3A59.999%27&%24order=issued_date+DESC&%24limit=1000&%24offset=2000
2025-12-02 05:27:12 - chattanooga - ERROR - Too many consecutive failures (3), stopping
2025-12-02 05:27:12 - chattanooga - ERROR - ❌ No permits found
2025-12-02 05:27:12 - chattanooga - WARNING - ❌ No permits scraped for chattanooga
2025-12-02 20:37:53 - chattanooga - INFO - 🏗️  Chattanooga TN Construction Permits Scraper
2025-12-02 20:37:53 - chattanooga - INFO - Date Range: 2025-09-03 to 2025-12-02
2025-12-02 20:37:53 - chattanooga - WARNING - Attempt 1/4 failed for _fetch_batch: 404 Client Error: Not Found for url: https://data.chattlibrary.org/resource/feqp-isti.json?%24where=issued_date+%3E%3D+%272025-09-03T00%3A00%3A00.000%27+AND+issued_date+%3C%3D+%272025-12-02T23%3A59%3A59.999%27&%24order=issued_date+DESC&%24limit=3&%24offset=0. Retrying in 2s...
2025-12-02 20:37:55 - chattanooga - WARNING - Attempt 2/4 failed for _fetch_batch: 404 Client Error: Not Found for url: https://data.chattlibrary.org/resource/feqp-isti.json?%24where=issued_date+%3E%3D+%272025-09-03T00%3A00%3A00.000%27+AND+issued_date+%3C%3D+%272025-12-02T23%3A59%3A59.999%27&%24order=issued_date+DESC&%24limit=3&%24offset=0. Retrying in 4s...
2025-12-02 20:38:00 - chattanooga - WARNING - Attempt 3/4 failed for _fetch_batch: 404 Client Error: Not Found for url: https://data.chattlibrary.org/resource/feqp-isti.json?%24where=issued_date+%3E%3D+%272025-09-03T00%3A00%3A00.000%27+AND+issued_date+%3C%3D+%272025-12-02T23%3A59%3A59.999%27&%24order=issued_date+DESC&%24limit=3&%24offset=0. Retrying in 8s...
2025-12-02 20:38:08 - chattanooga - ERROR - Final attempt failed for _fetch_batch: 404 Client Error: Not Found for url: https://data.chattlibrary.org/resource/feqp-isti.json?%24where=issued_date+%3E%3D+%272025-09-03T00%3A00%3A00.000%27+AND+issued_date+%3C%3D+%272025-12-02T23%3A59%3A59.999%27&%24order=issued_date+DESC&%24limit=3&%24offset=0
2025-12-02 20:38:08 - chattanooga - WARNING - Request error at offset 0: 404 Client Error: Not Found for url: https://data.chattlibrary.org/resource/feqp-isti.json?%24where=issued_date+%3E%3D+%272025-09-03T00%3A00%3A00.000%27+AND+issued_date+%3C%3D+%272025-12-02T23%3A59%3A59.999%27&%24order=issued_date+DESC&%24limit=3&%24offset=0
2025-12-02 20:38:10 - chattanooga - WARNING - Attempt 1/4 failed for _fetch_batch: 404 Client Error: Not Found for url: https://data.chattlibrary.org/resource/feqp-isti.json?%24where=issued_date+%3E%3D+%272025-09-03T00%3A00%3A00.000%27+AND+issued_date+%3C%3D+%272025-12-02T23%3A59%3A59.999%27&%24order=issued_date+DESC&%24limit=3&%24offset=1000. Retrying in 2s...
2025-12-02 20:38:12 - chattanooga - WARNING - Attempt 2/4 failed for _fetch_batch: 404 Client Error: Not Found for url: https://data.chattlibrary.org/resource/feqp-isti.json?%24where=issued_date+%3E%3D+%272025-09-03T00%3A00%3A00.000%27+AND+issued_date+%3C%3D+%272025-12-02T23%3A59%3A59.999%27&%24order=issued_date+DESC&%24limit=3&%24offset=1000. Retrying in 4s...
2025-12-02 20:38:16 - chattanooga - WARNING - Attempt 3/4 failed for _fetch_batch: 404 Client Error: Not Found for url: https://data.chattlibrary.org/resource/feqp-isti.json?%24where=issued_date+%3E%3D+%272025-09-03T00%3A00%3A00.000%27+AND+issued_date+%3C%3D+%272025-12-02T23%3A59%3A59.999%27&%24order=issued_date+DESC&%24limit=3&%24offset=1000. Retrying in 8s...
2025-12-02 20:38:24 - chattanooga - ERROR - Final attempt failed for _fetch_batch: 404 Client Error: Not Found for url: https://data.chattlibrary.org/resource/feqp-isti.json?%24where=issued_date+%3E%3D+%272025-09-03T00%3A00%3A00.000%27+AND+issued_date+%3C%3D+%272025-12-02T23%3A59%3A59.999%27&%24order=issued_date+DESC&%24limit=3&%24offset=1000
2025-12-02 20:38:24 - chattanooga - WARNING - Request error at offset 1000: 404 Client Error: Not Found for url: https://data.chattlibrary.org/resource/feqp-isti.json?%24where=issued_date+%3E%3D+%272025-09-03T00%3A00%3A00.000%27+AND+issued_date+%3C%3D+%272025-12-02T23%3A59%3A59.999%27&%24order=issued_date+DESC&%24limit=3&%24offset=1000
2025-12-02 20:38:27 - chattanooga - WARNING - Attempt 1/4 failed for _fetch_batch: 404 Client Error: Not Found for url: https://data.chattlibrary.org/resource/feqp-isti.json?%24where=issued_date+%3E%3D+%272025-09-03T00%3A00%3A00.000%27+AND+issued_date+%3C%3D+%272025-12-02T23%3A59%3A59.999%27&%24order=issued_date+DESC&%24limit=3&%24offset=2000. Retrying in 2s...
2025-12-02 20:38:29 - chattanooga - WARNING - Attempt 2/4 failed for _fetch_batch: 404 Client Error: Not Found for url: https://data.chattlibrary.org/resource/feqp-isti.json?%24where=issued_date+%3E%3D+%272025-09-03T00%3A00%3A00.000%27+AND+issued_date+%3C%3D+%272025-12-02T23%3A59%3A59.999%27&%24order=issued_date+DESC&%24limit=3&%24offset=2000. Retrying in 4s...
2025-12-02 20:38:33 - chattanooga - WARNING - Attempt 3/4 failed for _fetch_batch: 404 Client Error: Not Found for url: https://data.chattlibrary.org/resource/feqp-isti.json?%24where=issued_date+%3E%3D+%272025-09-03T00%3A00%3A00.000%27+AND+issued_date+%3C%3D+%272025-12-02T23%3A59%3A59.999%27&%24order=issued_date+DESC&%24limit=3&%24offset=2000. Retrying in 8s...
2025-12-02 20:38:41 - chattanooga - ERROR - Final attempt failed for _fetch_batch: 404 Client Error: Not Found for url: https://data.chattlibrary.org/resource/feqp-isti.json?%24where=issued_date+%3E%3D+%272025-09-03T00%3A00%3A00.000%27+AND+issued_date+%3C%3D+%272025-12-02T23%3A59%3A59.999%27&%24order=issued_date+DESC&%24limit=3&%24offset=2000
2025-12-02 20:38:41 - chattanooga - WARNING - Request error at offset 2000: 404 Client Error: Not Found for url: https://data.chattlibrary.org/resource/feqp-isti.json?%24where=issued_date+%3E%3D+%272025-09-03T00%3A00%3A00.000%27+AND+issued_date+%3C%3D+%272025-12-02T23%3A59%3A59.999%27&%24order=issued_date+DESC&%24limit=3&%24offset=2000
2025-12-02 20:38:41 - chattanooga - ERROR - Too many consecutive failures (3), stopping
2025-12-02 20:38:41 - chattanooga - ERROR - ❌ No permits found
2025-12-03 19:19:59 - chattanooga - INFO - 🏗️  Chattanooga TN Construction Permits Scraper
2025-12-03 19:19:59 - chattanooga - INFO - Date Range: 2025-09-04 to 2025-12-03
2025-12-03 19:20:00 - chattanooga - WARNING - Attempt 1/4 failed for _fetch_batch: 404 Client Error: Not Found for url: https://data.chattlibrary.org/resource/feqp-isti.json?%24where=issued_date+%3E%3D+%272025-09-04T00%3A00%3A00.000%27+AND+issued_date+%3C%3D+%272025-12-03T23%3A59%3A59.999%27&%24order=issued_date+DESC&%24limit=1000&%24offset=0. Retrying in 2s...
2025-12-03 19:20:02 - chattanooga - WARNING - Attempt 2/4 failed for _fetch_batch: 404 Client Error: Not Found for url: https://data.chattlibrary.org/resource/feqp-isti.json?%24where=issued_date+%3E%3D+%272025-09-04T00%3A00%3A00.000%27+AND+issued_date+%3C%3D+%272025-12-03T23%3A59%3A59.999%27&%24order=issued_date+DESC&%24limit=1000&%24offset=0. Retrying in 4s...
2025-12-03 19:20:06 - chattanooga - WARNING - Attempt 3/4 failed for _fetch_batch: 404 Client Error: Not Found for url: https://data.chattlibrary.org/resource/feqp-isti.json?%24where=issued_date+%3E%3D+%272025-09-04T00%3A00%3A00.000%27+AND+issued_date+%3C%3D+%272025-12-03T23%3A59%3A59.999%27&%24order=issued_date+DESC&%24limit=1000&%24offset=0. Retrying in 8s...
2025-12-03 19:20:14 - chattanooga - ERROR - Final attempt failed for _fetch_batch: 404 Client Error: Not Found for url: https://data.chattlibrary.org/resource/feqp-isti.json?%24where=issued_date+%3E%3D+%272025-09-04T00%3A00%3A00.000%27+AND+issued_date+%3C%3D+%272025-12-03T23%3A59%3A59.999%27&%24order=issued_date+DESC&%24limit=1000&%24offset=0
2025-12-03 19:20:14 - chattanooga - WARNING - Request error at offset 0: 404 Client Error: Not Found for url: https://data.chattlibrary.org/resource/feqp-isti.json?%24where=issued_date+%3E%3D+%272025-09-04T00%3A00%3A00.000%27+AND+issued_date+%3C%3D+%272025-12-03T23%3A59%3A59.999%27&%24order=issued_date+DESC&%24limit=1000&%24offset=0
2025-12-03 19:20:17 - chattanooga - WARNING - Attempt 1/4 failed for _fetch_batch: 404 Client Error: Not Found for url: https://data.chattlibrary.org/resource/feqp-isti.json?%24where=issued_date+%3E%3D+%272025-09-04T00%3A00%3A00.000%27+AND+issued_date+%3C%3D+%272025-12-03T23%3A59%3A59.999%27&%24order=issued_date+DESC&%24limit=1000&%24offset=1000. Retrying in 2s...
2025-12-03 19:20:19 - chattanooga - WARNING - Attempt 2/4 failed for _fetch_batch: 404 Client Error: Not Found for url: https://data.chattlibrary.org/resource/feqp-isti.json?%24where=issued_date+%3E%3D+%272025-09-04T00%3A00%3A00.000%27+AND+issued_date+%3C%3D+%272025-12-03T23%3A59%3A59.999%27&%24order=issued_date+DESC&%24limit=1000&%24offset=1000. Retrying in 4s...
2025-12-03 19:20:23 - chattanooga - WARNING - Attempt 3/4 failed for _fetch_batch: 404 Client Error: Not Found for url: https://data.chattlibrary.org/resource/feqp-isti.json?%24where=issued_date+%3E%3D+%272025-09-04T00%3A00%3A00.000%27+AND+issued_date+%3C%3D+%272025-12-03T23%3A59%3A59.999%27&%24order=issued_date+DESC&%24limit=1000&%24offset=1000. Retrying in 8s...
2025-12-03 19:20:31 - chattanooga - ERROR - Final attempt failed for _fetch_batch: 404 Client Error: Not Found for url: https://data.chattlibrary.org/resource/feqp-isti.json?%24where=issued_date+%3E%3D+%272025-09-04T00%3A00%3A00.000%27+AND+issued_date+%3C%3D+%272025-12-03T23%3A59%3A59.999%27&%24order=issued_date+DESC&%24limit=1000&%24offset=1000
2025-12-03 19:20:31 - chattanooga - WARNING - Request error at offset 1000: 404 Client Error: Not Found for url: https://data.chattlibrary.org/resource/feqp-isti.json?%24where=issued_date+%3E%3D+%272025-09-04T00%3A00%3A00.000%27+AND+issued_date+%3C%3D+%272025-12-03T23%3A59%3A59.999%27&%24order=issued_date+DESC&%24limit=1000&%24offset=1000
2025-12-03 19:20:33 - chattanooga - WARNING - Attempt 1/4 failed for _fetch_batch: 404 Client Error: Not Found for url: https://data.chattlibrary.org/resource/feqp-isti.json?%24where=issued_date+%3E%3D+%272025-09-04T00%3A00%3A00.000%27+AND+issued_date+%3C%3D+%272025-12-03T23%3A59%3A59.999%27&%24order=issued_date+DESC&%24limit=1000&%24offset=2000. Retrying in 2s...
2025-12-03 19:20:36 - chattanooga - WARNING - Attempt 2/4 failed for _fetch_batch: 404 Client Error: Not Found for url: https://data.chattlibrary.org/resource/feqp-isti.json?%24where=issued_date+%3E%3D+%272025-09-04T00%3A00%3A00.000%27+AND+issued_date+%3C%3D+%272025-12-03T23%3A59%3A59.999%27&%24order=issued_date+DESC&%24limit=1000&%24offset=2000. Retrying in 4s...
2025-12-03 19:20:40 - chattanooga - WARNING - Attempt 3/4 failed for _fetch_batch: 404 Client Error: Not Found for url: https://data.chattlibrary.org/resource/feqp-isti.json?%24where=issued_date+%3E%3D+%272025-09-04T00%3A00%3A00.000%27+AND+issued_date+%3C%3D+%272025-12-03T23%3A59%3A59.999%27&%24order=issued_date+DESC&%24limit=1000&%24offset=2000. Retrying in 8s...
2025-12-03 19:20:48 - chattanooga - ERROR - Final attempt failed for _fetch_batch: 404 Client Error: Not Found for url: https://data.chattlibrary.org/resource/feqp-isti.json?%24where=issued_date+%3E%3D+%272025-09-04T00%3A00%3A00.000%27+AND+issued_date+%3C%3D+%272025-12-03T23%3A59%3A59.999%27&%24order=issued_date+DESC&%24limit=1000&%24offset=2000
2025-12-03 19:20:48 - chattanooga - WARNING - Request error at offset 2000: 404 Client Error: Not Found for url: https://data.chattlibrary.org/resource/feqp-isti.json?%24where=issued_date+%3E%3D+%272025-09-04T00%3A00%3A00.000%27+AND+issued_date+%3C%3D+%272025-12-03T23%3A59%3A59.999%27&%24order=issued_date+DESC&%24limit=1000&%24offset=2000
2025-12-03 19:20:48 - chattanooga - ERROR - Too many consecutive failures (3), stopping
2025-12-03 19:20:48 - chattanooga - ERROR - ❌ No permits found
2025-12-03 19:20:48 - chattanooga - WARNING - ❌ No permits scraped for chattanooga
2025-12-03 20:36:57 - chattanooga - INFO - 🏗️  Chattanooga TN Construction Permits Scraper
2025-12-03 20:36:57 - chattanooga - INFO - Date Range: 2025-09-04 to 2025-12-03
2025-12-03 20:36:58 - chattanooga - WARNING - Attempt 1/4 failed for _fetch_batch: 404 Client Error: Not Found for url: https://data.chattlibrary.org/resource/feqp-isti.json?%24where=issued_date+%3E%3D+%272025-09-04T00%3A00%3A00.000%27+AND+issued_date+%3C%3D+%272025-12-03T23%3A59%3A59.999%27&%24order=issued_date+DESC&%24limit=1000&%24offset=0. Retrying in 2s...
2025-12-03 20:37:04 - chattanooga - WARNING - Attempt 2/4 failed for _fetch_batch: 404 Client Error: Not Found for url: https://data.chattlibrary.org/resource/feqp-isti.json?%24where=issued_date+%3E%3D+%272025-09-04T00%3A00%3A00.000%27+AND+issued_date+%3C%3D+%272025-12-03T23%3A59%3A59.999%27&%24order=issued_date+DESC&%24limit=1000&%24offset=0. Retrying in 4s...
2025-12-03 20:37:08 - chattanooga - WARNING - Attempt 3/4 failed for _fetch_batch: 404 Client Error: Not Found for url: https://data.chattlibrary.org/resource/feqp-isti.json?%24where=issued_date+%3E%3D+%272025-09-04T00%3A00%3A00.000%27+AND+issued_date+%3C%3D+%272025-12-03T23%3A59%3A59.999%27&%24order=issued_date+DESC&%24limit=1000&%24offset=0. Retrying in 8s...
2025-12-03 20:37:17 - chattanooga - ERROR - Final attempt failed for _fetch_batch: 404 Client Error: Not Found for url: https://data.chattlibrary.org/resource/feqp-isti.json?%24where=issued_date+%3E%3D+%272025-09-04T00%3A00%3A00.000%27+AND+issued_date+%3C%3D+%272025-12-03T23%3A59%3A59.999%27&%24order=issued_date+DESC&%24limit=1000&%24offset=0
2025-12-03 20:37:17 - chattanooga - WARNING - Request error at offset 0: 404 Client Error: Not Found for url: https://data.chattlibrary.org/resource/feqp-isti.json?%24where=issued_date+%3E%3D+%272025-09-04T00%3A00%3A00.000%27+AND+issued_date+%3C%3D+%272025-12-03T23%3A59%3A59.999%27&%24order=issued_date+DESC&%24limit=1000&%24offset=0
2025-12-03 20:37:19 - chattanooga - WARNING - Attempt 1/4 failed for _fetch_batch: 404 Client Error: Not Found for url: https://data.chattlibrary.org/resource/feqp-isti.json?%24where=issued_date+%3E%3D+%272025-09-04T00%3A00%3A00.000%27+AND+issued_date+%3C%3D+%272025-12-03T23%3A59%3A59.999%27&%24order=issued_date+DESC&%24limit=1000&%24offset=1000. Retrying in 2s...
2025-12-03 20:37:21 - chattanooga - WARNING - Attempt 2/4 failed for _fetch_batch: 404 Client Error: Not Found for url: https://data.chattlibrary.org/resource/feqp-isti.json?%24where=issued_date+%3E%3D+%272025-09-04T00%3A00%3A00.000%27+AND+issued_date+%3C%3D+%272025-12-03T23%3A59%3A59.999%27&%24order=issued_date+DESC&%24limit=1000&%24offset=1000. Retrying in 4s...
2025-12-03 20:37:25 - chattanooga - WARNING - Attempt 3/4 failed for _fetch_batch: 404 Client Error: Not Found for url: https://data.chattlibrary.org/resource/feqp-isti.json?%24where=issued_date+%3E%3D+%272025-09-04T00%3A00%3A00.000%27+AND+issued_date+%3C%3D+%272025-12-03T23%3A59%3A59.999%27&%24order=issued_date+DESC&%24limit=1000&%24offset=1000. Retrying in 8s...
2025-12-03 20:37:33 - chattanooga - ERROR - Final attempt failed for _fetch_batch: 404 Client Error: Not Found for url: https://data.chattlibrary.org/resource/feqp-isti.json?%24where=issued_date+%3E%3D+%272025-09-04T00%3A00%3A00.000%27+AND+issued_date+%3C%3D+%272025-12-03T23%3A59%3A59.999%27&%24order=issued_date+DESC&%24limit=1000&%24offset=1000
2025-12-03 20:37:33 - chattanooga - WARNING - Request error at offset 1000: 404 Client Error: Not Found for url: https://data.chattlibrary.org/resource/feqp-isti.json?%24where=issued_date+%3E%3D+%272025-09-04T00%3A00%3A00.000%27+AND+issued_date+%3C%3D+%272025-12-03T23%3A59%3A59.999%27&%24order=issued_date+DESC&%24limit=1000&%24offset=1000
2025-12-03 20:37:36 - chattanooga - WARNING - Attempt 1/4 failed for _fetch_batch: 404 Client Error: Not Found for url: https://data.chattlibrary.org/resource/feqp-isti.json?%24where=issued_date+%3E%3D+%272025-09-04T00%3A00%3A00.000%27+AND+issued_date+%3C%3D+%272025-12-03T23%3A59%3A59.999%27&%24order=issued_date+DESC&%24limit=1000&%24offset=2000. Retrying in 2s...
2025-12-03 20:37:38 - chattanooga - WARNING - Attempt 2/4 failed for _fetch_batch: 404 Client Error: Not Found for url: https://data.chattlibrary.org/resource/feqp-isti.json?%24where=issued_date+%3E%3D+%272025-09-04T00%3A00%3A00.000%27+AND+issued_date+%3C%3D+%272025-12-03T23%3A59%3A59.999%27&%24order=issued_date+DESC&%24limit=1000&%24offset=2000. Retrying in 4s...
2025-12-03 20:37:42 - chattanooga - WARNING - Attempt 3/4 failed for _fetch_batch: 404 Client Error: Not Found for url: https://data.chattlibrary.org/resource/feqp-isti.json?%24where=issued_date+%3E%3D+%272025-09-04T00%3A00%3A00.000%27+AND+issued_date+%3C%3D+%272025-12-03T23%3A59%3A59.999%27&%24order=issued_date+DESC&%24limit=1000&%24offset=2000. Retrying in 8s...
2025-12-03 20:37:51 - chattanooga - ERROR - Final attempt failed for _fetch_batch: 404 Client Error: Not Found for url: https://data.chattlibrary.org/resource/feqp-isti.json?%24where=issued_date+%3E%3D+%272025-09-04T00%3A00%3A00.000%27+AND+issued_date+%3C%3D+%272025-12-03T23%3A59%3A59.999%27&%24order=issued_date+DESC&%24limit=1000&%24offset=2000
2025-12-03 20:37:51 - chattanooga - WARNING - Request error at offset 2000: 404 Client Error: Not Found for url: https://data.chattlibrary.org/resource/feqp-isti.json?%24where=issued_date+%3E%3D+%272025-09-04T00%3A00%3A00.000%27+AND+issued_date+%3C%3D+%272025-12-03T23%3A59%3A59.999%27&%24order=issued_date+DESC&%24limit=1000&%24offset=2000
2025-12-03 20:37:51 - chattanooga - ERROR - Too many consecutive failures (3), stopping
2025-12-03 20:37:51 - chattanooga - ERROR - ❌ No permits found
2025-12-03 20:37:51 - chattanooga - WARNING - ❌ No permits scraped for chattanooga
2025-12-03 20:47:19 - chattanooga - INFO - 🏗️  Chattanooga TN Construction Permits Scraper
2025-12-03 20:47:19 - chattanooga - INFO - Date Range: 2025-09-04 to 2025-12-03
2025-12-03 20:47:19 - chattanooga - WARNING - Attempt 1/4 failed for _fetch_batch: 400 Client Error: Bad Request for url: https://www.chattadata.org/resource/764y-vxm2.json?%24where=issued_date+%3E%3D+%272025-09-04T00%3A00%3A00.000%27+AND+issued_date+%3C%3D+%272025-12-03T23%3A59%3A59.999%27&%24order=issued_date+DESC&%24limit=1000&%24offset=0. Retrying in 2s...
2025-12-03 20:47:22 - chattanooga - WARNING - Attempt 2/4 failed for _fetch_batch: 400 Client Error: Bad Request for url: https://www.chattadata.org/resource/764y-vxm2.json?%24where=issued_date+%3E%3D+%272025-09-04T00%3A00%3A00.000%27+AND+issued_date+%3C%3D+%272025-12-03T23%3A59%3A59.999%27&%24order=issued_date+DESC&%24limit=1000&%24offset=0. Retrying in 4s...
2025-12-03 20:47:26 - chattanooga - WARNING - Attempt 3/4 failed for _fetch_batch: 400 Client Error: Bad Request for url: https://www.chattadata.org/resource/764y-vxm2.json?%24where=issued_date+%3E%3D+%272025-09-04T00%3A00%3A00.000%27+AND+issued_date+%3C%3D+%272025-12-03T23%3A59%3A59.999%27&%24order=issued_date+DESC&%24limit=1000&%24offset=0. Retrying in 8s...
2025-12-03 20:47:34 - chattanooga - ERROR - Final attempt failed for _fetch_batch: 400 Client Error: Bad Request for url: https://www.chattadata.org/resource/764y-vxm2.json?%24where=issued_date+%3E%3D+%272025-09-04T00%3A00%3A00.000%27+AND+issued_date+%3C%3D+%272025-12-03T23%3A59%3A59.999%27&%24order=issued_date+DESC&%24limit=1000&%24offset=0
2025-12-03 20:47:34 - chattanooga - WARNING - Request error at offset 0: 400 Client Error: Bad Request for url: https://www.chattadata.org/resource/764y-vxm2.json?%24where=issued_date+%3E%3D+%272025-09-04T00%3A00%3A00.000%27+AND+issued_date+%3C%3D+%272025-12-03T23%3A59%3A59.999%27&%24order=issued_date+DESC&%24limit=1000&%24offset=0
2025-12-03 20:47:36 - chattanooga - WARNING - Attempt 1/4 failed for _fetch_batch: 400 Client Error: Bad Request for url: https://www.chattadata.org/resource/764y-vxm2.json?%24where=issued_date+%3E%3D+%272025-09-04T00%3A00%3A00.000%27+AND+issued_date+%3C%3D+%272025-12-03T23%3A59%3A59.999%27&%24order=issued_date+DESC&%24limit=1000&%24offset=1000. Retrying in 2s...
2025-12-03 20:47:39 - chattanooga - WARNING - Attempt 2/4 failed for _fetch_batch: 400 Client Error: Bad Request for url: https://www.chattadata.org/resource/764y-vxm2.json?%24where=issued_date+%3E%3D+%272025-09-04T00%3A00%3A00.000%27+AND+issued_date+%3C%3D+%272025-12-03T23%3A59%3A59.999%27&%24order=issued_date+DESC&%24limit=1000&%24offset=1000. Retrying in 4s...
2025-12-03 20:47:43 - chattanooga - WARNING - Attempt 3/4 failed for _fetch_batch: 400 Client Error: Bad Request for url: https://www.chattadata.org/resource/764y-vxm2.json?%24where=issued_date+%3E%3D+%272025-09-04T00%3A00%3A00.000%27+AND+issued_date+%3C%3D+%272025-12-03T23%3A59%3A59.999%27&%24order=issued_date+DESC&%24limit=1000&%24offset=1000. Retrying in 8s...
2025-12-03 20:47:51 - chattanooga - ERROR - Final attempt failed for _fetch_batch: 400 Client Error: Bad Request for url: https://www.chattadata.org/resource/764y-vxm2.json?%24where=issued_date+%3E%3D+%272025-09-04T00%3A00%3A00.000%27+AND+issued_date+%3C%3D+%272025-12-03T23%3A59%3A59.999%27&%24order=issued_date+DESC&%24limit=1000&%24offset=1000
2025-12-03 20:47:51 - chattanooga - WARNING - Request error at offset 1000: 400 Client Error: Bad Request for url: https://www.chattadata.org/resource/764y-vxm2.json?%24where=issued_date+%3E%3D+%272025-09-04T00%3A00%3A00.000%27+AND+issued_date+%3C%3D+%272025-12-03T23%3A59%3A59.999%27&%24order=issued_date+DESC&%24limit=1000&%24offset=1000
2025-12-03 20:47:54 - chattanooga - WARNING - Attempt 1/4 failed for _fetch_batch: 400 Client Error: Bad Request for url: https://www.chattadata.org/resource/764y-vxm2.json?%24where=issued_date+%3E%3D+%272025-09-04T00%3A00%3A00.000%27+AND+issued_date+%3C%3D+%272025-12-03T23%3A59%3A59.999%27&%24order=issued_date+DESC&%24limit=1000&%24offset=2000. Retrying in 2s...
2025-12-03 20:47:56 - chattanooga - WARNING - Attempt 2/4 failed for _fetch_batch: 400 Client Error: Bad Request for url: https://www.chattadata.org/resource/764y-vxm2.json?%24where=issued_date+%3E%3D+%272025-09-04T00%3A00%3A00.000%27+AND+issued_date+%3C%3D+%272025-12-03T23%3A59%3A59.999%27&%24order=issued_date+DESC&%24limit=1000&%24offset=2000. Retrying in 4s...
2025-12-03 20:48:00 - chattanooga - WARNING - Attempt 3/4 failed for _fetch_batch: 400 Client Error: Bad Request for url: https://www.chattadata.org/resource/764y-vxm2.json?%24where=issued_date+%3E%3D+%272025-09-04T00%3A00%3A00.000%27+AND+issued_date+%3C%3D+%272025-12-03T23%3A59%3A59.999%27&%24order=issued_date+DESC&%24limit=1000&%24offset=2000. Retrying in 8s...
2025-12-03 20:48:09 - chattanooga - ERROR - Final attempt failed for _fetch_batch: 400 Client Error: Bad Request for url: https://www.chattadata.org/resource/764y-vxm2.json?%24where=issued_date+%3E%3D+%272025-09-04T00%3A00%3A00.000%27+AND+issued_date+%3C%3D+%272025-12-03T23%3A59%3A59.999%27&%24order=issued_date+DESC&%24limit=1000&%24offset=2000
2025-12-03 20:48:09 - chattanooga - WARNING - Request error at offset 2000: 400 Client Error: Bad Request for url: https://www.chattadata.org/resource/764y-vxm2.json?%24where=issued_date+%3E%3D+%272025-09-04T00%3A00%3A00.000%27+AND+issued_date+%3C%3D+%272025-12-03T23%3A59%3A59.999%27&%24order=issued_date+DESC&%24limit=1000&%24offset=2000
2025-12-03 20:48:09 - chattanooga - ERROR - Too many consecutive failures (3), stopping
2025-12-03 20:48:09 - chattanooga - ERROR - ❌ No permits found
2025-12-03 20:48:09 - chattanooga - WARNING - ❌ No permits scraped for chattanooga
2025-12-03 21:33:33 - chattanooga - INFO - 🏗️  Chattanooga TN Construction Permits Scraper
2025-12-03 21:33:33 - chattanooga - INFO - Date Range: 2025-09-04 to 2025-12-03
2025-12-03 21:33:33 - chattanooga - WARNING - Attempt 1/4 failed for _fetch_batch: 400 Client Error: Bad Request for url: https://www.chattadata.org/resource/764y-vxm2.json?%24where=issued_date+%3E%3D+%272025-09-04T00%3A00%3A00.000%27+AND+issued_date+%3C%3D+%272025-12-03T23%3A59%3A59.999%27&%24order=issued_date+DESC&%24limit=1000&%24offset=0. Retrying in 2s...
2025-12-03 21:33:36 - chattanooga - WARNING - Attempt 2/4 failed for _fetch_batch: 400 Client Error: Bad Request for url: https://www.chattadata.org/resource/764y-vxm2.json?%24where=issued_date+%3E%3D+%272025-09-04T00%3A00%3A00.000%27+AND+issued_date+%3C%3D+%272025-12-03T23%3A59%3A59.999%27&%24order=issued_date+DESC&%24limit=1000&%24offset=0. Retrying in 4s...
2025-12-03 21:33:40 - chattanooga - WARNING - Attempt 3/4 failed for _fetch_batch: 400 Client Error: Bad Request for url: https://www.chattadata.org/resource/764y-vxm2.json?%24where=issued_date+%3E%3D+%272025-09-04T00%3A00%3A00.000%27+AND+issued_date+%3C%3D+%272025-12-03T23%3A59%3A59.999%27&%24order=issued_date+DESC&%24limit=1000&%24offset=0. Retrying in 8s...
2025-12-03 21:33:49 - chattanooga - ERROR - Final attempt failed for _fetch_batch: 400 Client Error: Bad Request for url: https://www.chattadata.org/resource/764y-vxm2.json?%24where=issued_date+%3E%3D+%272025-09-04T00%3A00%3A00.000%27+AND+issued_date+%3C%3D+%272025-12-03T23%3A59%3A59.999%27&%24order=issued_date+DESC&%24limit=1000&%24offset=0
2025-12-03 21:33:49 - chattanooga - WARNING - Request error at offset 0: 400 Client Error: Bad Request for url: https://www.chattadata.org/resource/764y-vxm2.json?%24where=issued_date+%3E%3D+%272025-09-04T00%3A00%3A00.000%27+AND+issued_date+%3C%3D+%272025-12-03T23%3A59%3A59.999%27&%24order=issued_date+DESC&%24limit=1000&%24offset=0
2025-12-03 21:33:51 - chattanooga - WARNING - Attempt 1/4 failed for _fetch_batch: 400 Client Error: Bad Request for url: https://www.chattadata.org/resource/764y-vxm2.json?%24where=issued_date+%3E%3D+%272025-09-04T00%3A00%3A00.000%27+AND+issued_date+%3C%3D+%272025-12-03T23%3A59%3A59.999%27&%24order=issued_date+DESC&%24limit=1000&%24offset=1000. Retrying in 2s...
2025-12-03 21:33:53 - chattanooga - WARNING - Attempt 2/4 failed for _fetch_batch: 400 Client Error: Bad Request for url: https://www.chattadata.org/resource/764y-vxm2.json?%24where=issued_date+%3E%3D+%272025-09-04T00%3A00%3A00.000%27+AND+issued_date+%3C%3D+%272025-12-03T23%3A59%3A59.999%27&%24order=issued_date+DESC&%24limit=1000&%24offset=1000. Retrying in 4s...
2025-12-03 21:33:57 - chattanooga - WARNING - Attempt 3/4 failed for _fetch_batch: 400 Client Error: Bad Request for url: https://www.chattadata.org/resource/764y-vxm2.json?%24where=issued_date+%3E%3D+%272025-09-04T00%3A00%3A00.000%27+AND+issued_date+%3C%3D+%272025-12-03T23%3A59%3A59.999%27&%24order=issued_date+DESC&%24limit=1000&%24offset=1000. Retrying in 8s...
2025-12-03 21:34:06 - chattanooga - ERROR - Final attempt failed for _fetch_batch: 400 Client Error: Bad Request for url: https://www.chattadata.org/resource/764y-vxm2.json?%24where=issued_date+%3E%3D+%272025-09-04T00%3A00%3A00.000%27+AND+issued_date+%3C%3D+%272025-12-03T23%3A59%3A59.999%27&%24order=issued_date+DESC&%24limit=1000&%24offset=1000
2025-12-03 21:34:06 - chattanooga - WARNING - Request error at offset 1000: 400 Client Error: Bad Request for url: https://www.chattadata.org/resource/764y-vxm2.json?%24where=issued_date+%3E%3D+%272025-09-04T00%3A00%3A00.000%27+AND+issued_date+%3C%3D+%272025-12-03T23%3A59%3A59.999%27&%24order=issued_date+DESC&%24limit=1000&%24offset=1000
2025-12-03 21:34:08 - chattanooga - WARNING - Attempt 1/4 failed for _fetch_batch: 400 Client Error: Bad Request for url: https://www.chattadata.org/resource/764y-vxm2.json?%24where=issued_date+%3E%3D+%272025-09-04T00%3A00%3A00.000%27+AND+issued_date+%3C%3D+%272025-12-03T23%3A59%3A59.999%27&%24order=issued_date+DESC&%24limit=1000&%24offset=2000. Retrying in 2s...
2025-12-03 21:34:10 - chattanooga - WARNING - Attempt 2/4 failed for _fetch_batch: 400 Client Error: Bad Request for url: https://www.chattadata.org/resource/764y-vxm2.json?%24where=issued_date+%3E%3D+%272025-09-04T00%3A00%3A00.000%27+AND+issued_date+%3C%3D+%272025-12-03T23%3A59%3A59.999%27&%24order=issued_date+DESC&%24limit=1000&%24offset=2000. Retrying in 4s...
2025-12-03 21:34:14 - chattanooga - WARNING - Attempt 3/4 failed for _fetch_batch: 400 Client Error: Bad Request for url: https://www.chattadata.org/resource/764y-vxm2.json?%24where=issued_date+%3E%3D+%272025-09-04T00%3A00%3A00.000%27+AND+issued_date+%3C%3D+%272025-12-03T23%3A59%3A59.999%27&%24order=issued_date+DESC&%24limit=1000&%24offset=2000. Retrying in 8s...
2025-12-03 21:34:23 - chattanooga - ERROR - Final attempt failed for _fetch_batch: 400 Client Error: Bad Request for url: https://www.chattadata.org/resource/764y-vxm2.json?%24where=issued_date+%3E%3D+%272025-09-04T00%3A00%3A00.000%27+AND+issued_date+%3C%3D+%272025-12-03T23%3A59%3A59.999%27&%24order=issued_date+DESC&%24limit=1000&%24offset=2000
2025-12-03 21:34:23 - chattanooga - WARNING - Request error at offset 2000: 400 Client Error: Bad Request for url: https://www.chattadata.org/resource/764y-vxm2.json?%24where=issued_date+%3E%3D+%272025-09-04T00%3A00%3A00.000%27+AND+issued_date+%3C%3D+%272025-12-03T23%3A59%3A59.999%27&%24order=issued_date+DESC&%24limit=1000&%24offset=2000
2025-12-03 21:34:23 - chattanooga - ERROR - Too many consecutive failures (3), stopping
2025-12-03 21:34:23 - chattanooga - ERROR - ❌ No permits found
2025-12-03 21:34:23 - chattanooga - WARNING - ❌ No permits scraped for chattanooga
2025-12-03 21:35:14 - chattanooga - INFO - 🏗️  Chattanooga TN Construction Permits Scraper
2025-12-03 21:35:14 - chattanooga - INFO - Date Range: 2025-09-04 to 2025-12-03
2025-12-03 21:35:19 - chattanooga - INFO - ✅ Scraping Complete! Found 17 permits
2025-12-03 21:35:19 - chattanooga - INFO - ✅ Scraped 17 permits for chattanooga
2026-01-01 16:27:10 - chattanooga - INFO - Date Range: 2025-12-25 to 2026-01-01
2026-01-01 16:27:12 - chattanooga - WARNING - Attempt 1/4 failed for _fetch_batch: Expecting value: line 1 column 1 (char 0). Retrying in 2s...
2026-01-01 16:27:15 - chattanooga - WARNING - Attempt 2/4 failed for _fetch_batch: Expecting value: line 1 column 1 (char 0). Retrying in 4s...
2026-01-01 16:27:20 - chattanooga - WARNING - Attempt 3/4 failed for _fetch_batch: Expecting value: line 1 column 1 (char 0). Retrying in 8s...
2026-01-01 16:27:29 - chattanooga - ERROR - Final attempt failed for _fetch_batch: Expecting value: line 1 column 1 (char 0)
2026-01-01 16:27:30 - chattanooga - WARNING - Request error at offset 0: Expecting value: line 1 column 1 (char 0)
2026-01-01 16:27:33 - chattanooga - WARNING - Attempt 1/4 failed for _fetch_batch: Expecting value: line 1 column 1 (char 0). Retrying in 2s...
2026-01-01 16:27:36 - chattanooga - WARNING - Attempt 2/4 failed for _fetch_batch: Expecting value: line 1 column 1 (char 0). Retrying in 4s...
2026-01-01 16:27:42 - chattanooga - WARNING - Attempt 3/4 failed for _fetch_batch: Expecting value: line 1 column 1 (char 0). Retrying in 8s...
2026-01-01 16:27:52 - chattanooga - ERROR - Final attempt failed for _fetch_batch: Expecting value: line 1 column 1 (char 0)
2026-01-01 16:27:52 - chattanooga - WARNING - Request error at offset 1000: Expecting value: line 1 column 1 (char 0)
2026-01-01 16:27:56 - chattanooga - WARNING - Attempt 1/4 failed for _fetch_batch: Expecting value: line 1 column 1 (char 0). Retrying in 2s...
2026-01-01 16:27:59 - chattanooga - WARNING - Attempt 2/4 failed for _fetch_batch: Expecting value: line 1 column 1 (char 0). Retrying in 4s...
2026-01-01 16:28:04 - chattanooga - WARNING - Attempt 3/4 failed for _fetch_batch: Expecting value: line 1 column 1 (char 0). Retrying in 8s...
2026-01-01 16:28:14 - chattanooga - ERROR - Final attempt failed for _fetch_batch: Expecting value: line 1 column 1 (char 0)
2026-01-01 16:28:14 - chattanooga - WARNING - Request error at offset 2000: Expecting value: line 1 column 1 (char 0)
2026-01-01 16:28:14 - chattanooga - ERROR - Too many consecutive failures (3), stopping
2026-01-01 16:41:36 - chattanooga - INFO - Date Range: 2025-12-25 to 2026-01-01
2026-01-01 16:41:37 - chattanooga - WARNING - Attempt 1/4 failed for _fetch_batch: Expecting value: line 1 column 1 (char 0). Retrying in 2s...
2026-01-01 16:41:39 - chattanooga - WARNING - Attempt 2/4 failed for _fetch_batch: Expecting value: line 1 column 1 (char 0). Retrying in 4s...
2026-01-01 16:41:44 - chattanooga - WARNING - Attempt 3/4 failed for _fetch_batch: Expecting value: line 1 column 1 (char 0). Retrying in 8s...
2026-01-01 16:41:53 - chattanooga - ERROR - Final attempt failed for _fetch_batch: Expecting value: line 1 column 1 (char 0)
2026-01-01 16:41:53 - chattanooga - WARNING - Request error at offset 0: Expecting value: line 1 column 1 (char 0)
2026-01-01 16:41:55 - chattanooga - WARNING - Attempt 1/4 failed for _fetch_batch: Expecting value: line 1 column 1 (char 0). Retrying in 2s...
2026-01-01 16:41:58 - chattanooga - WARNING - Attempt 2/4 failed for _fetch_batch: Expecting value: line 1 column 1 (char 0). Retrying in 4s...
2026-01-01 16:42:03 - chattanooga - WARNING - Attempt 3/4 failed for _fetch_batch: Expecting value: line 1 column 1 (char 0). Retrying in 8s...
2026-01-01 16:42:11 - chattanooga - ERROR - Final attempt failed for _fetch_batch: Expecting value: line 1 column 1 (char 0)
2026-01-01 16:42:11 - chattanooga - WARNING - Request error at offset 1000: Expecting value: line 1 column 1 (char 0)
2026-01-01 16:42:14 - chattanooga - WARNING - Attempt 1/4 failed for _fetch_batch: Expecting value: line 1 column 1 (char 0). Retrying in 2s...
2026-01-01 16:42:17 - chattanooga - WARNING - Attempt 2/4 failed for _fetch_batch: Expecting value: line 1 column 1 (char 0). Retrying in 4s...
2026-01-01 16:42:21 - chattanooga - WARNING - Attempt 3/4 failed for _fetch_batch: Expecting value: line 1 column 1 (char 0). Retrying in 8s...
2026-01-01 16:42:30 - chattanooga - ERROR - Final attempt failed for _fetch_batch: Expecting value: line 1 column 1 (char 0)
2026-01-01 16:42:30 - chattanooga - WARNING - Request error at offset 2000: Expecting value: line 1 column 1 (char 0)
2026-01-01 16:42:30 - chattanooga - ERROR - Too many consecutive failures (3), stopping
2026-01-01 16:44:34 - chattanooga - INFO - Date Range: 2025-12-25 to 2026-01-01
2026-01-01 16:44:35 - chattanooga - WARNING - Attempt 1/4 failed for _fetch_batch: Expecting value: line 1 column 1 (char 0). Retrying in 2s...
2026-01-01 16:44:38 - chattanooga - WARNING - Attempt 2/4 failed for _fetch_batch: Expecting value: line 1 column 1 (char 0). Retrying in 4s...
2026-01-01 16:44:43 - chattanooga - WARNING - Attempt 3/4 failed for _fetch_batch: Expecting value: line 1 column 1 (char 0). Retrying in 8s...
2026-01-01 16:44:51 - chattanooga - ERROR - Final attempt failed for _fetch_batch: Expecting value: line 1 column 1 (char 0)
2026-01-01 16:44:51 - chattanooga - WARNING - Request error at offset 0: Expecting value: line 1 column 1 (char 0)
2026-01-01 16:44:54 - chattanooga - WARNING - Attempt 1/4 failed for _fetch_batch: Expecting value: line 1 column 1 (char 0). Retrying in 2s...
2026-01-01 16:44:57 - chattanooga - WARNING - Attempt 2/4 failed for _fetch_batch: Expecting value: line 1 column 1 (char 0). Retrying in 4s...
2026-01-01 16:45:01 - chattanooga - WARNING - Attempt 3/4 failed for _fetch_batch: Expecting value: line 1 column 1 (char 0). Retrying in 8s...
2026-01-01 16:45:10 - chattanooga - ERROR - Final attempt failed for _fetch_batch: Expecting value: line 1 column 1 (char 0)
2026-01-01 16:45:10 - chattanooga - WARNING - Request error at offset 1000: Expecting value: line 1 column 1 (char 0)
2026-01-01 16:45:13 - chattanooga - WARNING - Attempt 1/4 failed for _fetch_batch: Expecting value: line 1 column 1 (char 0). Retrying in 2s...
2026-01-01 16:45:15 - chattanooga - WARNING - Attempt 2/4 failed for _fetch_batch: Expecting value: line 1 column 1 (char 0). Retrying in 4s...
2026-01-01 16:45:20 - chattanooga - WARNING - Attempt 3/4 failed for _fetch_batch: Expecting value: line 1 column 1 (char 0). Retrying in 8s...
2026-01-01 16:45:29 - chattanooga - ERROR - Final attempt failed for _fetch_batch: Expecting value: line 1 column 1 (char 0)
2026-01-01 16:45:29 - chattanooga - WARNING - Request error at offset 2000: Expecting value: line 1 column 1 (char 0)
2026-01-01 16:45:29 - chattanooga - ERROR - Too many consecutive failures (3), stopping
