2025-11-29 17:20:12 - nashville - INFO - 🏗️  Nashville TN Construction Permits Scraper
2025-11-29 17:20:12 - nashville - INFO - Trying endpoint: https://data.nashville.gov/resource/3h5w-q8b7.json
2025-11-29 17:20:13 - nashville - WARNING - Attempt 1/4 failed for _fetch_batch: Expecting value: line 1 column 1 (char 0). Retrying in 2s...
2025-11-29 17:20:15 - nashville - WARNING - Attempt 2/4 failed for _fetch_batch: Expecting value: line 1 column 1 (char 0). Retrying in 4s...
2025-11-29 17:20:19 - nashville - WARNING - Attempt 3/4 failed for _fetch_batch: Expecting value: line 1 column 1 (char 0). Retrying in 8s...
2025-11-29 17:20:27 - nashville - ERROR - Final attempt failed for _fetch_batch: Expecting value: line 1 column 1 (char 0)
2025-11-29 17:20:27 - nashville - WARNING - Batch error at offset 0: Expecting value: line 1 column 1 (char 0)
2025-11-29 17:20:30 - nashville - WARNING - Attempt 1/4 failed for _fetch_batch: Expecting value: line 1 column 1 (char 0). Retrying in 2s...
2025-11-29 17:20:32 - nashville - WARNING - Attempt 2/4 failed for _fetch_batch: Expecting value: line 1 column 1 (char 0). Retrying in 4s...
2025-11-29 17:20:36 - nashville - WARNING - Attempt 3/4 failed for _fetch_batch: Expecting value: line 1 column 1 (char 0). Retrying in 8s...
2025-11-29 17:20:45 - nashville - ERROR - Final attempt failed for _fetch_batch: Expecting value: line 1 column 1 (char 0)
2025-11-29 17:20:45 - nashville - WARNING - Batch error at offset 1000: Expecting value: line 1 column 1 (char 0)
2025-11-29 17:20:47 - nashville - WARNING - Attempt 1/4 failed for _fetch_batch: Expecting value: line 1 column 1 (char 0). Retrying in 2s...
2025-11-29 17:20:49 - nashville - WARNING - Attempt 2/4 failed for _fetch_batch: Expecting value: line 1 column 1 (char 0). Retrying in 4s...
2025-11-29 17:20:53 - nashville - WARNING - Attempt 3/4 failed for _fetch_batch: Expecting value: line 1 column 1 (char 0). Retrying in 8s...
2025-11-29 17:21:02 - nashville - ERROR - Final attempt failed for _fetch_batch: Expecting value: line 1 column 1 (char 0)
2025-11-29 17:21:02 - nashville - WARNING - Batch error at offset 2000: Expecting value: line 1 column 1 (char 0)
2025-11-29 17:21:02 - nashville - ERROR - Too many consecutive failures, trying next endpoint
2025-11-29 17:21:02 - nashville - INFO - Trying endpoint: https://data.nashville.gov/resource/kqff-rxj8.json
2025-11-29 17:21:02 - nashville - WARNING - Attempt 1/4 failed for _fetch_batch: Expecting value: line 1 column 1 (char 0). Retrying in 2s...
2025-11-29 17:21:04 - nashville - WARNING - Attempt 2/4 failed for _fetch_batch: Expecting value: line 1 column 1 (char 0). Retrying in 4s...
2025-11-29 17:21:09 - nashville - WARNING - Attempt 3/4 failed for _fetch_batch: Expecting value: line 1 column 1 (char 0). Retrying in 8s...
2025-12-01 09:42:56 - nashville - INFO - 🏗️  Nashville TN Construction Permits Scraper
2025-12-01 09:42:57 - nashville - INFO - Trying endpoint: https://data.nashville.gov/resource/3h5w-q8b7.json
2025-12-01 09:42:57 - nashville - WARNING - Attempt 1/4 failed for _fetch_batch: Expecting value: line 1 column 1 (char 0). Retrying in 2s...
2025-12-01 09:42:59 - nashville - WARNING - Attempt 2/4 failed for _fetch_batch: Expecting value: line 1 column 1 (char 0). Retrying in 4s...
2025-12-01 09:43:03 - nashville - WARNING - Attempt 3/4 failed for _fetch_batch: Expecting value: line 1 column 1 (char 0). Retrying in 8s...
2025-12-01 09:43:12 - nashville - ERROR - Final attempt failed for _fetch_batch: Expecting value: line 1 column 1 (char 0)
2025-12-01 09:43:12 - nashville - WARNING - Batch error at offset 0: Expecting value: line 1 column 1 (char 0)
2025-12-01 09:43:14 - nashville - WARNING - Attempt 1/4 failed for _fetch_batch: Expecting value: line 1 column 1 (char 0). Retrying in 2s...
2025-12-01 09:43:16 - nashville - WARNING - Attempt 2/4 failed for _fetch_batch: Expecting value: line 1 column 1 (char 0). Retrying in 4s...
2025-12-01 09:43:20 - nashville - WARNING - Attempt 3/4 failed for _fetch_batch: Expecting value: line 1 column 1 (char 0). Retrying in 8s...
2025-12-01 09:43:29 - nashville - ERROR - Final attempt failed for _fetch_batch: Expecting value: line 1 column 1 (char 0)
2025-12-01 09:43:29 - nashville - WARNING - Batch error at offset 1000: Expecting value: line 1 column 1 (char 0)
2025-12-01 09:43:31 - nashville - WARNING - Attempt 1/4 failed for _fetch_batch: Expecting value: line 1 column 1 (char 0). Retrying in 2s...
2025-12-01 09:43:33 - nashville - WARNING - Attempt 2/4 failed for _fetch_batch: Expecting value: line 1 column 1 (char 0). Retrying in 4s...
2025-12-01 09:43:37 - nashville - WARNING - Attempt 3/4 failed for _fetch_batch: Expecting value: line 1 column 1 (char 0). Retrying in 8s...
2025-12-01 09:43:46 - nashville - ERROR - Final attempt failed for _fetch_batch: Expecting value: line 1 column 1 (char 0)
2025-12-01 09:43:46 - nashville - WARNING - Batch error at offset 2000: Expecting value: line 1 column 1 (char 0)
2025-12-01 09:43:46 - nashville - ERROR - Too many consecutive failures, trying next endpoint
2025-12-01 09:43:46 - nashville - INFO - Trying endpoint: https://data.nashville.gov/resource/kqff-rxj8.json
2025-12-01 09:43:46 - nashville - WARNING - Attempt 1/4 failed for _fetch_batch: Expecting value: line 1 column 1 (char 0). Retrying in 2s...
2025-12-01 09:43:48 - nashville - WARNING - Attempt 2/4 failed for _fetch_batch: Expecting value: line 1 column 1 (char 0). Retrying in 4s...
2025-12-01 09:43:53 - nashville - WARNING - Attempt 3/4 failed for _fetch_batch: Expecting value: line 1 column 1 (char 0). Retrying in 8s...
2025-12-01 09:44:01 - nashville - ERROR - Final attempt failed for _fetch_batch: Expecting value: line 1 column 1 (char 0)
2025-12-01 09:44:01 - nashville - WARNING - Batch error at offset 0: Expecting value: line 1 column 1 (char 0)
2025-12-01 09:44:03 - nashville - WARNING - Attempt 1/4 failed for _fetch_batch: Expecting value: line 1 column 1 (char 0). Retrying in 2s...
2025-12-01 09:44:05 - nashville - WARNING - Attempt 2/4 failed for _fetch_batch: Expecting value: line 1 column 1 (char 0). Retrying in 4s...
2025-12-01 09:44:10 - nashville - WARNING - Attempt 3/4 failed for _fetch_batch: Expecting value: line 1 column 1 (char 0). Retrying in 8s...
2025-12-01 09:44:18 - nashville - ERROR - Final attempt failed for _fetch_batch: Expecting value: line 1 column 1 (char 0)
2025-12-01 09:44:18 - nashville - WARNING - Batch error at offset 1000: Expecting value: line 1 column 1 (char 0)
2025-12-01 09:44:20 - nashville - WARNING - Attempt 1/4 failed for _fetch_batch: Expecting value: line 1 column 1 (char 0). Retrying in 2s...
2025-12-01 09:44:22 - nashville - WARNING - Attempt 2/4 failed for _fetch_batch: Expecting value: line 1 column 1 (char 0). Retrying in 4s...
2025-12-01 09:44:27 - nashville - WARNING - Attempt 3/4 failed for _fetch_batch: Expecting value: line 1 column 1 (char 0). Retrying in 8s...
2025-12-01 09:44:35 - nashville - ERROR - Final attempt failed for _fetch_batch: Expecting value: line 1 column 1 (char 0)
2025-12-01 09:44:35 - nashville - WARNING - Batch error at offset 2000: Expecting value: line 1 column 1 (char 0)
2025-12-01 09:44:35 - nashville - ERROR - Too many consecutive failures, trying next endpoint
2025-12-01 09:44:35 - nashville - ERROR - All Nashville endpoints failed
2025-12-01 09:44:35 - nashville - WARNING - ❌ No permits scraped for nashville
2025-12-01 15:07:17 - nashville - INFO - 🏗️  Nashville TN Construction Permits Scraper
2025-12-01 15:07:17 - nashville - INFO - Trying endpoint: https://data.nashville.gov/resource/3h5w-q8b7.json
2025-12-01 15:07:18 - nashville - WARNING - Attempt 1/4 failed for _fetch_batch: Expecting value: line 1 column 1 (char 0). Retrying in 2s...
2025-12-01 15:07:20 - nashville - WARNING - Attempt 2/4 failed for _fetch_batch: Expecting value: line 1 column 1 (char 0). Retrying in 4s...
2025-12-01 15:07:24 - nashville - WARNING - Attempt 3/4 failed for _fetch_batch: Expecting value: line 1 column 1 (char 0). Retrying in 8s...
2025-12-01 15:07:33 - nashville - ERROR - Final attempt failed for _fetch_batch: Expecting value: line 1 column 1 (char 0)
2025-12-01 15:07:33 - nashville - WARNING - Batch error at offset 0: Expecting value: line 1 column 1 (char 0)
2025-12-01 15:07:35 - nashville - WARNING - Attempt 1/4 failed for _fetch_batch: Expecting value: line 1 column 1 (char 0). Retrying in 2s...
2025-12-01 15:07:37 - nashville - WARNING - Attempt 2/4 failed for _fetch_batch: Expecting value: line 1 column 1 (char 0). Retrying in 4s...
2025-12-01 15:07:42 - nashville - WARNING - Attempt 3/4 failed for _fetch_batch: Expecting value: line 1 column 1 (char 0). Retrying in 8s...
2025-12-01 15:07:50 - nashville - ERROR - Final attempt failed for _fetch_batch: Expecting value: line 1 column 1 (char 0)
2025-12-01 15:07:50 - nashville - WARNING - Batch error at offset 1000: Expecting value: line 1 column 1 (char 0)
2025-12-01 15:07:52 - nashville - WARNING - Attempt 1/4 failed for _fetch_batch: Expecting value: line 1 column 1 (char 0). Retrying in 2s...
2025-12-01 15:07:54 - nashville - WARNING - Attempt 2/4 failed for _fetch_batch: Expecting value: line 1 column 1 (char 0). Retrying in 4s...
2025-12-01 15:07:59 - nashville - WARNING - Attempt 3/4 failed for _fetch_batch: Expecting value: line 1 column 1 (char 0). Retrying in 8s...
2025-12-01 15:08:07 - nashville - ERROR - Final attempt failed for _fetch_batch: Expecting value: line 1 column 1 (char 0)
2025-12-01 15:08:07 - nashville - WARNING - Batch error at offset 2000: Expecting value: line 1 column 1 (char 0)
2025-12-01 15:08:07 - nashville - ERROR - Too many consecutive failures, trying next endpoint
2025-12-01 15:08:07 - nashville - INFO - Trying endpoint: https://data.nashville.gov/resource/kqff-rxj8.json
2025-12-01 15:08:07 - nashville - WARNING - Attempt 1/4 failed for _fetch_batch: Expecting value: line 1 column 1 (char 0). Retrying in 2s...
2025-12-01 15:08:10 - nashville - WARNING - Attempt 2/4 failed for _fetch_batch: Expecting value: line 1 column 1 (char 0). Retrying in 4s...
2025-12-01 15:08:14 - nashville - WARNING - Attempt 3/4 failed for _fetch_batch: Expecting value: line 1 column 1 (char 0). Retrying in 8s...
2025-12-01 15:08:22 - nashville - ERROR - Final attempt failed for _fetch_batch: Expecting value: line 1 column 1 (char 0)
2025-12-01 15:08:22 - nashville - WARNING - Batch error at offset 0: Expecting value: line 1 column 1 (char 0)
2025-12-01 15:08:24 - nashville - WARNING - Attempt 1/4 failed for _fetch_batch: Expecting value: line 1 column 1 (char 0). Retrying in 2s...
2025-12-01 15:08:27 - nashville - WARNING - Attempt 2/4 failed for _fetch_batch: Expecting value: line 1 column 1 (char 0). Retrying in 4s...
2025-12-01 15:08:31 - nashville - WARNING - Attempt 3/4 failed for _fetch_batch: Expecting value: line 1 column 1 (char 0). Retrying in 8s...
2025-12-01 15:08:39 - nashville - ERROR - Final attempt failed for _fetch_batch: Expecting value: line 1 column 1 (char 0)
2025-12-01 15:08:39 - nashville - WARNING - Batch error at offset 1000: Expecting value: line 1 column 1 (char 0)
2025-12-01 15:08:42 - nashville - WARNING - Attempt 1/4 failed for _fetch_batch: Expecting value: line 1 column 1 (char 0). Retrying in 2s...
2025-12-01 15:08:44 - nashville - WARNING - Attempt 2/4 failed for _fetch_batch: Expecting value: line 1 column 1 (char 0). Retrying in 4s...
2025-12-01 15:08:48 - nashville - WARNING - Attempt 3/4 failed for _fetch_batch: Expecting value: line 1 column 1 (char 0). Retrying in 8s...
2025-12-01 15:08:57 - nashville - ERROR - Final attempt failed for _fetch_batch: Expecting value: line 1 column 1 (char 0)
2025-12-01 15:08:57 - nashville - WARNING - Batch error at offset 2000: Expecting value: line 1 column 1 (char 0)
2025-12-01 15:08:57 - nashville - ERROR - Too many consecutive failures, trying next endpoint
2025-12-01 15:08:57 - nashville - ERROR - All Nashville endpoints failed
2025-12-01 15:15:39 - nashville - INFO - 🏗️  Nashville TN Construction Permits Scraper
2025-12-01 15:15:39 - nashville - WARNING - Catalog discovery failed: 404 Client Error: Not Found for url: https://data.nashville.gov/api/catalog/v1?q=building+permit&limit=20
2025-12-01 15:15:39 - nashville - INFO - Trying endpoint: https://data.nashville.gov/resource/3h5w-q8b7.json
2025-12-01 15:15:40 - nashville - WARNING - Attempt 1/4 failed for _fetch_batch: Expecting value: line 1 column 1 (char 0). Retrying in 2s...
2025-12-01 15:15:42 - nashville - WARNING - Attempt 2/4 failed for _fetch_batch: Expecting value: line 1 column 1 (char 0). Retrying in 4s...
2025-12-01 15:15:46 - nashville - WARNING - Attempt 3/4 failed for _fetch_batch: Expecting value: line 1 column 1 (char 0). Retrying in 8s...
2025-12-01 15:15:55 - nashville - ERROR - Final attempt failed for _fetch_batch: Expecting value: line 1 column 1 (char 0)
2025-12-01 15:15:55 - nashville - WARNING - Batch error at offset 0: Expecting value: line 1 column 1 (char 0)
2025-12-01 15:15:57 - nashville - WARNING - Attempt 1/4 failed for _fetch_batch: Expecting value: line 1 column 1 (char 0). Retrying in 2s...
2025-12-01 15:15:59 - nashville - WARNING - Attempt 2/4 failed for _fetch_batch: Expecting value: line 1 column 1 (char 0). Retrying in 4s...
2025-12-01 15:16:04 - nashville - WARNING - Attempt 3/4 failed for _fetch_batch: Expecting value: line 1 column 1 (char 0). Retrying in 8s...
2025-12-01 15:16:12 - nashville - ERROR - Final attempt failed for _fetch_batch: Expecting value: line 1 column 1 (char 0)
2025-12-01 15:16:12 - nashville - WARNING - Batch error at offset 1000: Expecting value: line 1 column 1 (char 0)
2025-12-01 15:16:14 - nashville - WARNING - Attempt 1/4 failed for _fetch_batch: Expecting value: line 1 column 1 (char 0). Retrying in 2s...
2025-12-01 15:16:16 - nashville - WARNING - Attempt 2/4 failed for _fetch_batch: Expecting value: line 1 column 1 (char 0). Retrying in 4s...
2025-12-01 15:16:21 - nashville - WARNING - Attempt 3/4 failed for _fetch_batch: Expecting value: line 1 column 1 (char 0). Retrying in 8s...
2025-12-01 15:16:29 - nashville - ERROR - Final attempt failed for _fetch_batch: Expecting value: line 1 column 1 (char 0)
2025-12-01 15:16:29 - nashville - WARNING - Batch error at offset 2000: Expecting value: line 1 column 1 (char 0)
2025-12-01 15:16:29 - nashville - ERROR - Too many consecutive failures, trying next endpoint
2025-12-01 15:16:29 - nashville - INFO - Trying endpoint: https://data.nashville.gov/resource/kqff-rxj8.json
2025-12-01 15:16:29 - nashville - WARNING - Attempt 1/4 failed for _fetch_batch: Expecting value: line 1 column 1 (char 0). Retrying in 2s...
2025-12-01 15:16:31 - nashville - WARNING - Attempt 2/4 failed for _fetch_batch: Expecting value: line 1 column 1 (char 0). Retrying in 4s...
2025-12-01 15:16:36 - nashville - WARNING - Attempt 3/4 failed for _fetch_batch: Expecting value: line 1 column 1 (char 0). Retrying in 8s...
2025-12-01 15:16:44 - nashville - ERROR - Final attempt failed for _fetch_batch: Expecting value: line 1 column 1 (char 0)
2025-12-01 15:16:44 - nashville - WARNING - Batch error at offset 0: Expecting value: line 1 column 1 (char 0)
2025-12-01 15:16:46 - nashville - WARNING - Attempt 1/4 failed for _fetch_batch: Expecting value: line 1 column 1 (char 0). Retrying in 2s...
2025-12-01 15:16:49 - nashville - WARNING - Attempt 2/4 failed for _fetch_batch: Expecting value: line 1 column 1 (char 0). Retrying in 4s...
2025-12-01 15:16:53 - nashville - WARNING - Attempt 3/4 failed for _fetch_batch: Expecting value: line 1 column 1 (char 0). Retrying in 8s...
2025-12-01 15:17:01 - nashville - ERROR - Final attempt failed for _fetch_batch: Expecting value: line 1 column 1 (char 0)
2025-12-01 15:17:01 - nashville - WARNING - Batch error at offset 1000: Expecting value: line 1 column 1 (char 0)
2025-12-01 15:17:03 - nashville - WARNING - Attempt 1/4 failed for _fetch_batch: Expecting value: line 1 column 1 (char 0). Retrying in 2s...
2025-12-01 15:17:06 - nashville - WARNING - Attempt 2/4 failed for _fetch_batch: Expecting value: line 1 column 1 (char 0). Retrying in 4s...
2025-12-01 15:17:10 - nashville - WARNING - Attempt 3/4 failed for _fetch_batch: Expecting value: line 1 column 1 (char 0). Retrying in 8s...
2025-12-01 15:17:18 - nashville - ERROR - Final attempt failed for _fetch_batch: Expecting value: line 1 column 1 (char 0)
2025-12-01 15:17:18 - nashville - WARNING - Batch error at offset 2000: Expecting value: line 1 column 1 (char 0)
2025-12-01 15:17:18 - nashville - ERROR - Too many consecutive failures, trying next endpoint
2025-12-01 15:17:18 - nashville - ERROR - All Nashville endpoints failed
2025-12-02 05:24:46 - nashville - INFO - 🏗️  Nashville TN Construction Permits Scraper
2025-12-02 05:24:46 - nashville - INFO - Trying endpoint: https://data.nashville.gov/resource/3h5w-q8b7.json
2025-12-02 05:24:46 - nashville - WARNING - Attempt 1/4 failed for _fetch_batch: Expecting value: line 1 column 1 (char 0). Retrying in 2s...
2025-12-02 05:24:48 - nashville - WARNING - Attempt 2/4 failed for _fetch_batch: Expecting value: line 1 column 1 (char 0). Retrying in 4s...
2025-12-02 05:24:53 - nashville - WARNING - Attempt 3/4 failed for _fetch_batch: Expecting value: line 1 column 1 (char 0). Retrying in 8s...
2025-12-02 05:25:01 - nashville - ERROR - Final attempt failed for _fetch_batch: Expecting value: line 1 column 1 (char 0)
2025-12-02 05:25:01 - nashville - WARNING - Batch error at offset 0: Expecting value: line 1 column 1 (char 0)
2025-12-02 05:25:03 - nashville - WARNING - Attempt 1/4 failed for _fetch_batch: Expecting value: line 1 column 1 (char 0). Retrying in 2s...
2025-12-02 05:25:05 - nashville - WARNING - Attempt 2/4 failed for _fetch_batch: Expecting value: line 1 column 1 (char 0). Retrying in 4s...
2025-12-02 05:25:10 - nashville - WARNING - Attempt 3/4 failed for _fetch_batch: Expecting value: line 1 column 1 (char 0). Retrying in 8s...
2025-12-02 05:25:18 - nashville - ERROR - Final attempt failed for _fetch_batch: Expecting value: line 1 column 1 (char 0)
2025-12-02 05:25:18 - nashville - WARNING - Batch error at offset 1000: Expecting value: line 1 column 1 (char 0)
2025-12-02 05:25:20 - nashville - WARNING - Attempt 1/4 failed for _fetch_batch: Expecting value: line 1 column 1 (char 0). Retrying in 2s...
2025-12-02 05:25:22 - nashville - WARNING - Attempt 2/4 failed for _fetch_batch: Expecting value: line 1 column 1 (char 0). Retrying in 4s...
2025-12-02 05:25:27 - nashville - WARNING - Attempt 3/4 failed for _fetch_batch: Expecting value: line 1 column 1 (char 0). Retrying in 8s...
2025-12-02 05:25:35 - nashville - ERROR - Final attempt failed for _fetch_batch: Expecting value: line 1 column 1 (char 0)
2025-12-02 05:25:35 - nashville - WARNING - Batch error at offset 2000: Expecting value: line 1 column 1 (char 0)
2025-12-02 05:25:35 - nashville - ERROR - Too many consecutive failures, trying next endpoint
2025-12-02 05:25:35 - nashville - INFO - Trying endpoint: https://data.nashville.gov/resource/kqff-rxj8.json
2025-12-02 05:25:35 - nashville - WARNING - Attempt 1/4 failed for _fetch_batch: Expecting value: line 1 column 1 (char 0). Retrying in 2s...
2025-12-02 05:25:37 - nashville - WARNING - Attempt 2/4 failed for _fetch_batch: Expecting value: line 1 column 1 (char 0). Retrying in 4s...
2025-12-02 05:25:42 - nashville - WARNING - Attempt 3/4 failed for _fetch_batch: Expecting value: line 1 column 1 (char 0). Retrying in 8s...
2025-12-02 05:25:50 - nashville - ERROR - Final attempt failed for _fetch_batch: Expecting value: line 1 column 1 (char 0)
2025-12-02 05:25:50 - nashville - WARNING - Batch error at offset 0: Expecting value: line 1 column 1 (char 0)
2025-12-02 05:25:52 - nashville - WARNING - Attempt 1/4 failed for _fetch_batch: Expecting value: line 1 column 1 (char 0). Retrying in 2s...
2025-12-02 05:25:54 - nashville - WARNING - Attempt 2/4 failed for _fetch_batch: Expecting value: line 1 column 1 (char 0). Retrying in 4s...
2025-12-02 05:25:59 - nashville - WARNING - Attempt 3/4 failed for _fetch_batch: Expecting value: line 1 column 1 (char 0). Retrying in 8s...
2025-12-02 05:26:07 - nashville - ERROR - Final attempt failed for _fetch_batch: Expecting value: line 1 column 1 (char 0)
2025-12-02 05:26:07 - nashville - WARNING - Batch error at offset 1000: Expecting value: line 1 column 1 (char 0)
2025-12-02 05:26:09 - nashville - WARNING - Attempt 1/4 failed for _fetch_batch: Expecting value: line 1 column 1 (char 0). Retrying in 2s...
2025-12-02 05:26:12 - nashville - WARNING - Attempt 2/4 failed for _fetch_batch: Expecting value: line 1 column 1 (char 0). Retrying in 4s...
2025-12-02 05:26:16 - nashville - WARNING - Attempt 3/4 failed for _fetch_batch: Expecting value: line 1 column 1 (char 0). Retrying in 8s...
2025-12-02 05:26:24 - nashville - ERROR - Final attempt failed for _fetch_batch: Expecting value: line 1 column 1 (char 0)
2025-12-02 05:26:24 - nashville - WARNING - Batch error at offset 2000: Expecting value: line 1 column 1 (char 0)
2025-12-02 05:26:24 - nashville - ERROR - Too many consecutive failures, trying next endpoint
2025-12-02 05:26:24 - nashville - ERROR - All Nashville endpoints failed
2025-12-02 05:26:24 - nashville - WARNING - ❌ No permits scraped for nashville
2025-12-02 20:37:53 - nashville - INFO - 🏗️  Nashville TN Construction Permits Scraper
2025-12-02 20:37:53 - nashville - INFO - Trying Nashville ArcGIS Hub endpoint
2025-12-02 20:37:53 - nashville - INFO - No more data at offset 0
2025-12-02 20:37:53 - nashville - WARNING - No permits found in date range
2025-12-02 21:16:35 - nashville - INFO - 🏗️  Nashville TN Construction Permits Scraper
2025-12-02 21:16:37 - nashville - INFO - ✅ Success! Got 5 permits from MapServer
2025-12-03 03:33:17 - nashville - INFO - 🏗️  Nashville TN Construction Permits Scraper
2025-12-03 03:33:24 - nashville - INFO - ✅ Success! Got 10 permits from MapServer
2025-12-03 03:35:46 - nashville - INFO - 🏗️  Nashville TN Construction Permits Scraper
2025-12-03 03:35:46 - nashville - INFO - Trying Nashville MapServer
2025-12-03 03:35:49 - nashville - INFO - ✅ Success! Got 10 permits from Nashville MapServer
2025-12-03 03:39:23 - nashville - INFO - 🏗️  Nashville TN Construction Permits Scraper
2025-12-03 03:39:23 - nashville - INFO - Trying Nashville MapServer
2025-12-03 03:39:26 - nashville - INFO - ✅ Success! Got 3 permits from Nashville MapServer
2025-12-03 16:54:59 - nashville - INFO - 🏗️  Nashville TN Construction Permits Scraper
2025-12-03 16:54:59 - nashville - INFO - Trying Nashville MapServer
2025-12-03 16:55:02 - nashville - INFO - ✅ Success! Got 5 permits from Nashville MapServer
2025-12-03 19:05:27 - nashville - INFO - 🏗️  Nashville TN Construction Permits Scraper
2025-12-03 19:05:27 - nashville - INFO - Trying Nashville MapServer
2025-12-03 19:06:22 - nashville - WARNING - Batch error at offset 1000: HTTPSConnectionPool(host='maps.nashville.gov', port=443): Read timed out. (read timeout=30)
2025-12-03 19:06:54 - nashville - WARNING - Batch error at offset 2000: HTTPSConnectionPool(host='maps.nashville.gov', port=443): Read timed out. (read timeout=30)
2025-12-03 19:07:26 - nashville - WARNING - Batch error at offset 3000: HTTPSConnectionPool(host='maps.nashville.gov', port=443): Read timed out. (read timeout=30)
2025-12-03 19:07:26 - nashville - ERROR - Too many consecutive failures on Nashville MapServer
2025-12-03 19:07:26 - nashville - INFO - ✅ Success! Got 1000 permits from Nashville MapServer
2025-12-03 19:07:26 - nashville - INFO - ✅ Scraped 1000 permits for nashville
2025-12-03 21:46:00 - nashville - INFO - 🏗️  Nashville TN Construction Permits Scraper
2025-12-03 21:46:00 - nashville - INFO - Trying Nashville MapServer
2025-12-03 21:47:33 - nashville - INFO - 🏗️  Nashville TN Construction Permits Scraper
2025-12-03 21:47:33 - nashville - INFO - Trying Nashville MapServer
2025-12-03 21:48:25 - nashville - WARNING - Batch error at offset 1000: HTTPSConnectionPool(host='maps.nashville.gov', port=443): Read timed out. (read timeout=30)
2025-12-03 21:48:58 - nashville - WARNING - Batch error at offset 2000: HTTPSConnectionPool(host='maps.nashville.gov', port=443): Read timed out. (read timeout=30)
2025-12-03 21:49:30 - nashville - WARNING - Batch error at offset 3000: HTTPSConnectionPool(host='maps.nashville.gov', port=443): Read timed out. (read timeout=30)
2025-12-03 21:49:30 - nashville - ERROR - Too many consecutive failures on Nashville MapServer
2025-12-03 21:49:30 - nashville - INFO - ✅ Success! Got 1000 permits from Nashville MapServer
2026-01-01 16:26:29 - nashville - INFO - Trying Nashville MapServer
2026-01-01 16:41:05 - nashville - INFO - Trying Nashville MapServer
2026-01-01 16:44:04 - nashville - INFO - Trying Nashville MapServer
2026-01-01 16:49:14 - nashville - INFO - Trying Nashville MapServer
2026-01-01 16:54:38 - nashville - INFO - Trying Nashville MapServer
2026-01-01 17:07:28 - nashville - INFO - Trying Nashville MapServer
2026-01-01 17:09:20 - nashville - INFO - Trying Nashville MapServer
2026-01-01 17:32:19 - nashville - INFO - Trying Nashville MapServer
2026-01-01 18:01:25 - nashville - INFO - Trying Nashville MapServer
2026-01-01 18:07:07 - nashville - INFO - Trying Nashville MapServer
2026-01-01 18:41:54 - nashville - INFO - Trying Nashville MapServer
2026-01-05 02:14:12 - nashville - INFO - Trying Nashville Data Hub (Primary)
2026-01-05 02:14:13 - nashville - WARNING - Nashville Data Hub (Primary) returned error: {'code': 400, 'message': 'Invalid URL', 'details': ['Invalid URL']}
2026-01-05 02:14:13 - nashville - INFO - Trying Nashville MapServer
2026-01-05 02:15:15 - nashville - WARNING - Batch error at offset 1000: HTTPSConnectionPool(host='maps.nashville.gov', port=443): Read timed out. (read timeout=30)
2026-01-05 02:15:48 - nashville - WARNING - Batch error at offset 2000: HTTPSConnectionPool(host='maps.nashville.gov', port=443): Read timed out. (read timeout=30)
2026-01-05 02:16:21 - nashville - WARNING - Batch error at offset 3000: HTTPSConnectionPool(host='maps.nashville.gov', port=443): Read timed out. (read timeout=30)
2026-01-05 02:16:21 - nashville - ERROR - Too many consecutive failures on Nashville MapServer
2026-01-09 15:55:21 - nashville - INFO - Trying Nashville Data Hub (Primary)
2026-01-09 15:55:22 - nashville - WARNING - Nashville Data Hub (Primary) returned error: {'code': 400, 'message': 'Invalid URL', 'details': ['Invalid URL']}
2026-01-09 15:55:22 - nashville - INFO - Trying Nashville MapServer
2026-01-09 15:56:21 - nashville - WARNING - Batch error at offset 1000: HTTPSConnectionPool(host='maps.nashville.gov', port=443): Read timed out. (read timeout=30)
2026-01-09 15:56:54 - nashville - WARNING - Batch error at offset 2000: HTTPSConnectionPool(host='maps.nashville.gov', port=443): Read timed out. (read timeout=30)
2026-01-09 15:57:27 - nashville - WARNING - Batch error at offset 3000: HTTPSConnectionPool(host='maps.nashville.gov', port=443): Read timed out. (read timeout=30)
2026-01-09 15:57:27 - nashville - ERROR - Too many consecutive failures on Nashville MapServer
2026-01-09 16:00:53 - nashville - INFO - Trying Nashville Data Hub (Primary)
2026-01-09 16:00:54 - nashville - WARNING - Nashville Data Hub (Primary) returned error: {'code': 400, 'message': 'Invalid URL', 'details': ['Invalid URL']}
2026-01-09 16:00:54 - nashville - INFO - Trying Nashville MapServer
2026-01-09 16:03:42 - nashville - INFO - Trying Nashville Data Hub (Primary)
2026-01-09 16:03:44 - nashville - WARNING - Nashville Data Hub (Primary) returned error: {'code': 400, 'message': 'Invalid URL', 'details': ['Invalid URL']}
2026-01-09 16:03:44 - nashville - INFO - Trying Nashville MapServer
2026-01-09 16:04:39 - nashville - WARNING - Batch error at offset 1000: HTTPSConnectionPool(host='maps.nashville.gov', port=443): Read timed out. (read timeout=30)
2026-01-09 16:05:12 - nashville - WARNING - Batch error at offset 2000: HTTPSConnectionPool(host='maps.nashville.gov', port=443): Read timed out. (read timeout=30)
2026-01-09 16:05:45 - nashville - WARNING - Batch error at offset 3000: HTTPSConnectionPool(host='maps.nashville.gov', port=443): Read timed out. (read timeout=30)
2026-01-09 16:05:45 - nashville - ERROR - Too many consecutive failures on Nashville MapServer
