2025-12-01 09:47:20 - phoenix - INFO - ============================================================
2025-12-01 09:47:20 - phoenix - INFO - 🏗️  Phoenix AZ Construction Permits Scraper
2025-12-01 09:47:20 - phoenix - INFO - Fetching up to 5000 permits from last 90 days...
2025-12-01 09:47:20 - phoenix - INFO - Date Range: 2025-09-02 to 2025-12-01
2025-12-01 09:47:20 - phoenix - INFO - No more data available at offset 0
2025-12-01 09:47:20 - phoenix - ERROR - ❌ No permits found
2025-12-01 09:47:20 - phoenix - WARNING - ❌ No permits scraped for phoenix
2025-12-01 15:14:18 - phoenix - INFO - ============================================================
2025-12-01 15:14:18 - phoenix - INFO - 🏗️  Phoenix AZ Construction Permits Scraper
2025-12-01 15:14:18 - phoenix - INFO - Fetching up to 3 permits from last 90 days...
2025-12-01 15:14:18 - phoenix - INFO - Date Range: 2025-09-02 to 2025-12-01
2025-12-01 15:14:18 - phoenix - INFO - No more data available at offset 0
2025-12-01 15:14:18 - phoenix - ERROR - ❌ No permits found
2025-12-02 05:29:08 - phoenix - INFO - ============================================================
2025-12-02 05:29:08 - phoenix - INFO - 🏗️  Phoenix AZ Construction Permits Scraper
2025-12-02 05:29:08 - phoenix - INFO - Fetching up to 5000 permits from last 90 days...
2025-12-02 05:29:08 - phoenix - INFO - Date Range: 2025-09-03 to 2025-12-02
2025-12-02 05:29:08 - phoenix - INFO - No more data available at offset 0
2025-12-02 05:29:08 - phoenix - ERROR - ❌ No permits found
2025-12-02 05:29:08 - phoenix - WARNING - ❌ No permits scraped for phoenix
2025-12-02 20:39:42 - phoenix - INFO - ============================================================
2025-12-02 20:39:42 - phoenix - INFO - 🏗️  Phoenix AZ Construction Permits Scraper
2025-12-02 20:39:42 - phoenix - INFO - Fetching up to 3 permits from last 90 days...
2025-12-02 20:39:42 - phoenix - INFO - Date Range: 2025-09-03 to 2025-12-02
2025-12-02 20:39:42 - phoenix - INFO - No more data available at offset 0
2025-12-02 20:39:42 - phoenix - ERROR - ❌ No permits found
2025-12-03 20:38:17 - phoenix - INFO - ============================================================
2025-12-03 20:38:17 - phoenix - INFO - 🏗️  Phoenix AZ Construction Permits Scraper
2025-12-03 20:38:17 - phoenix - INFO - Fetching up to 5000 permits from last 90 days...
2025-12-03 20:38:17 - phoenix - INFO - Date Range: 2025-09-04 to 2025-12-03
2025-12-03 20:38:17 - phoenix - INFO - No more data available at offset 0
2025-12-03 20:38:17 - phoenix - ERROR - ❌ No permits found
2025-12-03 20:38:17 - phoenix - WARNING - ❌ No permits scraped for phoenix
2025-12-03 20:48:11 - phoenix - INFO - ============================================================
2025-12-03 20:48:11 - phoenix - INFO - 🏗️  Phoenix AZ Construction Permits Scraper
2025-12-03 20:48:11 - phoenix - INFO - Fetching up to 5000 permits from last 90 days...
2025-12-03 20:48:11 - phoenix - INFO - Date Range: 2025-09-04 to 2025-12-03
2025-12-03 20:48:11 - phoenix - INFO - No more data available at offset 0
2025-12-03 20:48:11 - phoenix - ERROR - ❌ No permits found
2025-12-03 20:48:11 - phoenix - WARNING - ❌ No permits scraped for phoenix
2025-12-03 21:41:48 - phoenix - INFO - ============================================================
2025-12-03 21:41:48 - phoenix - INFO - 🏗️  Phoenix AZ Construction Permits Scraper
2025-12-03 21:41:48 - phoenix - INFO - Fetching up to 5000 permits from last 90 days...
2025-12-03 21:41:48 - phoenix - INFO - Date Range: 2025-09-04 to 2025-12-03
2025-12-03 21:41:50 - phoenix - INFO - No more data available at offset 0
2025-12-03 21:41:50 - phoenix - ERROR - ❌ No permits found
2025-12-03 21:41:50 - phoenix - WARNING - ❌ No permits scraped for phoenix
2026-01-01 16:28:14 - phoenix - INFO - ============================================================
2026-01-01 16:28:14 - phoenix - INFO - Fetching up to 10 permits from last 7 days...
2026-01-01 16:28:14 - phoenix - INFO - Date Range: 2025-12-25 to 2026-01-01
2026-01-01 16:28:15 - phoenix - INFO - No more data available at offset 0
2026-01-01 16:42:30 - phoenix - INFO - ============================================================
2026-01-01 16:42:30 - phoenix - INFO - Fetching up to 10 permits from last 7 days...
2026-01-01 16:42:30 - phoenix - INFO - Date Range: 2025-12-25 to 2026-01-01
2026-01-01 16:42:30 - phoenix - WARNING - Attempt 1/4 failed for _fetch_batch: HTTPSConnectionPool(host='gis.phoenix.gov', port=443): Max retries exceeded with url: /arcgis/rest/services/Public/permits/MapServer/0/query?where=1%3D1&outFields=%2A&returnGeometry=false&resultOffset=0&resultRecordCount=10&f=json (Caused by NameResolutionError("HTTPSConnection(host='gis.phoenix.gov', port=443): Failed to resolve 'gis.phoenix.gov' ([Errno 11001] getaddrinfo failed)")). Retrying in 2s...
2026-01-01 16:42:32 - phoenix - WARNING - Attempt 2/4 failed for _fetch_batch: HTTPSConnectionPool(host='gis.phoenix.gov', port=443): Max retries exceeded with url: /arcgis/rest/services/Public/permits/MapServer/0/query?where=1%3D1&outFields=%2A&returnGeometry=false&resultOffset=0&resultRecordCount=10&f=json (Caused by NameResolutionError("HTTPSConnection(host='gis.phoenix.gov', port=443): Failed to resolve 'gis.phoenix.gov' ([Errno 11001] getaddrinfo failed)")). Retrying in 4s...
2026-01-01 16:42:36 - phoenix - WARNING - Attempt 3/4 failed for _fetch_batch: HTTPSConnectionPool(host='gis.phoenix.gov', port=443): Max retries exceeded with url: /arcgis/rest/services/Public/permits/MapServer/0/query?where=1%3D1&outFields=%2A&returnGeometry=false&resultOffset=0&resultRecordCount=10&f=json (Caused by NameResolutionError("HTTPSConnection(host='gis.phoenix.gov', port=443): Failed to resolve 'gis.phoenix.gov' ([Errno 11001] getaddrinfo failed)")). Retrying in 8s...
2026-01-01 16:42:44 - phoenix - ERROR - Final attempt failed for _fetch_batch: HTTPSConnectionPool(host='gis.phoenix.gov', port=443): Max retries exceeded with url: /arcgis/rest/services/Public/permits/MapServer/0/query?where=1%3D1&outFields=%2A&returnGeometry=false&resultOffset=0&resultRecordCount=10&f=json (Caused by NameResolutionError("HTTPSConnection(host='gis.phoenix.gov', port=443): Failed to resolve 'gis.phoenix.gov' ([Errno 11001] getaddrinfo failed)"))
2026-01-01 16:42:44 - phoenix - WARNING - Request error at offset 0: HTTPSConnectionPool(host='gis.phoenix.gov', port=443): Max retries exceeded with url: /arcgis/rest/services/Public/permits/MapServer/0/query?where=1%3D1&outFields=%2A&returnGeometry=false&resultOffset=0&resultRecordCount=10&f=json (Caused by NameResolutionError("HTTPSConnection(host='gis.phoenix.gov', port=443): Failed to resolve 'gis.phoenix.gov' ([Errno 11001] getaddrinfo failed)"))
2026-01-01 16:42:44 - phoenix - INFO - Skipping batch at offset 0, continuing...
2026-01-01 16:42:46 - phoenix - WARNING - Attempt 1/4 failed for _fetch_batch: HTTPSConnectionPool(host='gis.phoenix.gov', port=443): Max retries exceeded with url: /arcgis/rest/services/Public/permits/MapServer/0/query?where=1%3D1&outFields=%2A&returnGeometry=false&resultOffset=1000&resultRecordCount=10&f=json (Caused by NameResolutionError("HTTPSConnection(host='gis.phoenix.gov', port=443): Failed to resolve 'gis.phoenix.gov' ([Errno 11001] getaddrinfo failed)")). Retrying in 2s...
2026-01-01 16:42:48 - phoenix - WARNING - Attempt 2/4 failed for _fetch_batch: HTTPSConnectionPool(host='gis.phoenix.gov', port=443): Max retries exceeded with url: /arcgis/rest/services/Public/permits/MapServer/0/query?where=1%3D1&outFields=%2A&returnGeometry=false&resultOffset=1000&resultRecordCount=10&f=json (Caused by NameResolutionError("HTTPSConnection(host='gis.phoenix.gov', port=443): Failed to resolve 'gis.phoenix.gov' ([Errno 11001] getaddrinfo failed)")). Retrying in 4s...
2026-01-01 16:42:52 - phoenix - WARNING - Attempt 3/4 failed for _fetch_batch: HTTPSConnectionPool(host='gis.phoenix.gov', port=443): Max retries exceeded with url: /arcgis/rest/services/Public/permits/MapServer/0/query?where=1%3D1&outFields=%2A&returnGeometry=false&resultOffset=1000&resultRecordCount=10&f=json (Caused by NameResolutionError("HTTPSConnection(host='gis.phoenix.gov', port=443): Failed to resolve 'gis.phoenix.gov' ([Errno 11001] getaddrinfo failed)")). Retrying in 8s...
2026-01-01 16:43:00 - phoenix - ERROR - Final attempt failed for _fetch_batch: HTTPSConnectionPool(host='gis.phoenix.gov', port=443): Max retries exceeded with url: /arcgis/rest/services/Public/permits/MapServer/0/query?where=1%3D1&outFields=%2A&returnGeometry=false&resultOffset=1000&resultRecordCount=10&f=json (Caused by NameResolutionError("HTTPSConnection(host='gis.phoenix.gov', port=443): Failed to resolve 'gis.phoenix.gov' ([Errno 11001] getaddrinfo failed)"))
2026-01-01 16:43:00 - phoenix - WARNING - Request error at offset 1000: HTTPSConnectionPool(host='gis.phoenix.gov', port=443): Max retries exceeded with url: /arcgis/rest/services/Public/permits/MapServer/0/query?where=1%3D1&outFields=%2A&returnGeometry=false&resultOffset=1000&resultRecordCount=10&f=json (Caused by NameResolutionError("HTTPSConnection(host='gis.phoenix.gov', port=443): Failed to resolve 'gis.phoenix.gov' ([Errno 11001] getaddrinfo failed)"))
2026-01-01 16:43:00 - phoenix - INFO - Skipping batch at offset 1000, continuing...
2026-01-01 16:43:02 - phoenix - WARNING - Attempt 1/4 failed for _fetch_batch: HTTPSConnectionPool(host='gis.phoenix.gov', port=443): Max retries exceeded with url: /arcgis/rest/services/Public/permits/MapServer/0/query?where=1%3D1&outFields=%2A&returnGeometry=false&resultOffset=2000&resultRecordCount=10&f=json (Caused by NameResolutionError("HTTPSConnection(host='gis.phoenix.gov', port=443): Failed to resolve 'gis.phoenix.gov' ([Errno 11001] getaddrinfo failed)")). Retrying in 2s...
2026-01-01 16:43:04 - phoenix - WARNING - Attempt 2/4 failed for _fetch_batch: HTTPSConnectionPool(host='gis.phoenix.gov', port=443): Max retries exceeded with url: /arcgis/rest/services/Public/permits/MapServer/0/query?where=1%3D1&outFields=%2A&returnGeometry=false&resultOffset=2000&resultRecordCount=10&f=json (Caused by NameResolutionError("HTTPSConnection(host='gis.phoenix.gov', port=443): Failed to resolve 'gis.phoenix.gov' ([Errno 11001] getaddrinfo failed)")). Retrying in 4s...
2026-01-01 16:43:08 - phoenix - WARNING - Attempt 3/4 failed for _fetch_batch: HTTPSConnectionPool(host='gis.phoenix.gov', port=443): Max retries exceeded with url: /arcgis/rest/services/Public/permits/MapServer/0/query?where=1%3D1&outFields=%2A&returnGeometry=false&resultOffset=2000&resultRecordCount=10&f=json (Caused by NameResolutionError("HTTPSConnection(host='gis.phoenix.gov', port=443): Failed to resolve 'gis.phoenix.gov' ([Errno 11001] getaddrinfo failed)")). Retrying in 8s...
2026-01-01 16:43:17 - phoenix - ERROR - Final attempt failed for _fetch_batch: HTTPSConnectionPool(host='gis.phoenix.gov', port=443): Max retries exceeded with url: /arcgis/rest/services/Public/permits/MapServer/0/query?where=1%3D1&outFields=%2A&returnGeometry=false&resultOffset=2000&resultRecordCount=10&f=json (Caused by NameResolutionError("HTTPSConnection(host='gis.phoenix.gov', port=443): Failed to resolve 'gis.phoenix.gov' ([Errno 11001] getaddrinfo failed)"))
2026-01-01 16:43:17 - phoenix - WARNING - Request error at offset 2000: HTTPSConnectionPool(host='gis.phoenix.gov', port=443): Max retries exceeded with url: /arcgis/rest/services/Public/permits/MapServer/0/query?where=1%3D1&outFields=%2A&returnGeometry=false&resultOffset=2000&resultRecordCount=10&f=json (Caused by NameResolutionError("HTTPSConnection(host='gis.phoenix.gov', port=443): Failed to resolve 'gis.phoenix.gov' ([Errno 11001] getaddrinfo failed)"))
2026-01-01 16:43:17 - phoenix - ERROR - Too many consecutive failures (3), stopping scrape
2026-01-01 16:45:29 - phoenix - INFO - ============================================================
2026-01-01 16:45:29 - phoenix - INFO - Fetching up to 10 permits from last 7 days...
2026-01-01 16:45:29 - phoenix - INFO - Date Range: 2025-12-25 to 2026-01-01
2026-01-01 16:45:29 - phoenix - WARNING - Attempt 1/4 failed for _fetch_batch: HTTPSConnectionPool(host='gis.phoenix.gov', port=443): Max retries exceeded with url: /phoenixgis/rest/services/Public/permits/MapServer/0/query?where=1%3D1&outFields=%2A&returnGeometry=false&resultOffset=0&resultRecordCount=10&f=json (Caused by NameResolutionError("HTTPSConnection(host='gis.phoenix.gov', port=443): Failed to resolve 'gis.phoenix.gov' ([Errno 11001] getaddrinfo failed)")). Retrying in 2s...
2026-01-01 16:45:31 - phoenix - WARNING - Attempt 2/4 failed for _fetch_batch: HTTPSConnectionPool(host='gis.phoenix.gov', port=443): Max retries exceeded with url: /phoenixgis/rest/services/Public/permits/MapServer/0/query?where=1%3D1&outFields=%2A&returnGeometry=false&resultOffset=0&resultRecordCount=10&f=json (Caused by NameResolutionError("HTTPSConnection(host='gis.phoenix.gov', port=443): Failed to resolve 'gis.phoenix.gov' ([Errno 11001] getaddrinfo failed)")). Retrying in 4s...
2026-01-01 16:45:35 - phoenix - WARNING - Attempt 3/4 failed for _fetch_batch: HTTPSConnectionPool(host='gis.phoenix.gov', port=443): Max retries exceeded with url: /phoenixgis/rest/services/Public/permits/MapServer/0/query?where=1%3D1&outFields=%2A&returnGeometry=false&resultOffset=0&resultRecordCount=10&f=json (Caused by NameResolutionError("HTTPSConnection(host='gis.phoenix.gov', port=443): Failed to resolve 'gis.phoenix.gov' ([Errno 11001] getaddrinfo failed)")). Retrying in 8s...
2026-01-01 16:45:43 - phoenix - ERROR - Final attempt failed for _fetch_batch: HTTPSConnectionPool(host='gis.phoenix.gov', port=443): Max retries exceeded with url: /phoenixgis/rest/services/Public/permits/MapServer/0/query?where=1%3D1&outFields=%2A&returnGeometry=false&resultOffset=0&resultRecordCount=10&f=json (Caused by NameResolutionError("HTTPSConnection(host='gis.phoenix.gov', port=443): Failed to resolve 'gis.phoenix.gov' ([Errno 11001] getaddrinfo failed)"))
2026-01-01 16:45:43 - phoenix - WARNING - Request error at offset 0: HTTPSConnectionPool(host='gis.phoenix.gov', port=443): Max retries exceeded with url: /phoenixgis/rest/services/Public/permits/MapServer/0/query?where=1%3D1&outFields=%2A&returnGeometry=false&resultOffset=0&resultRecordCount=10&f=json (Caused by NameResolutionError("HTTPSConnection(host='gis.phoenix.gov', port=443): Failed to resolve 'gis.phoenix.gov' ([Errno 11001] getaddrinfo failed)"))
2026-01-01 16:45:43 - phoenix - INFO - Skipping batch at offset 0, continuing...
2026-01-01 16:45:45 - phoenix - WARNING - Attempt 1/4 failed for _fetch_batch: HTTPSConnectionPool(host='gis.phoenix.gov', port=443): Max retries exceeded with url: /phoenixgis/rest/services/Public/permits/MapServer/0/query?where=1%3D1&outFields=%2A&returnGeometry=false&resultOffset=1000&resultRecordCount=10&f=json (Caused by NameResolutionError("HTTPSConnection(host='gis.phoenix.gov', port=443): Failed to resolve 'gis.phoenix.gov' ([Errno 11001] getaddrinfo failed)")). Retrying in 2s...
2026-01-01 16:45:47 - phoenix - WARNING - Attempt 2/4 failed for _fetch_batch: HTTPSConnectionPool(host='gis.phoenix.gov', port=443): Max retries exceeded with url: /phoenixgis/rest/services/Public/permits/MapServer/0/query?where=1%3D1&outFields=%2A&returnGeometry=false&resultOffset=1000&resultRecordCount=10&f=json (Caused by NameResolutionError("HTTPSConnection(host='gis.phoenix.gov', port=443): Failed to resolve 'gis.phoenix.gov' ([Errno 11001] getaddrinfo failed)")). Retrying in 4s...
2026-01-01 16:45:51 - phoenix - WARNING - Attempt 3/4 failed for _fetch_batch: HTTPSConnectionPool(host='gis.phoenix.gov', port=443): Max retries exceeded with url: /phoenixgis/rest/services/Public/permits/MapServer/0/query?where=1%3D1&outFields=%2A&returnGeometry=false&resultOffset=1000&resultRecordCount=10&f=json (Caused by NameResolutionError("HTTPSConnection(host='gis.phoenix.gov', port=443): Failed to resolve 'gis.phoenix.gov' ([Errno 11001] getaddrinfo failed)")). Retrying in 8s...
2026-01-01 16:45:59 - phoenix - ERROR - Final attempt failed for _fetch_batch: HTTPSConnectionPool(host='gis.phoenix.gov', port=443): Max retries exceeded with url: /phoenixgis/rest/services/Public/permits/MapServer/0/query?where=1%3D1&outFields=%2A&returnGeometry=false&resultOffset=1000&resultRecordCount=10&f=json (Caused by NameResolutionError("HTTPSConnection(host='gis.phoenix.gov', port=443): Failed to resolve 'gis.phoenix.gov' ([Errno 11001] getaddrinfo failed)"))
2026-01-01 16:45:59 - phoenix - WARNING - Request error at offset 1000: HTTPSConnectionPool(host='gis.phoenix.gov', port=443): Max retries exceeded with url: /phoenixgis/rest/services/Public/permits/MapServer/0/query?where=1%3D1&outFields=%2A&returnGeometry=false&resultOffset=1000&resultRecordCount=10&f=json (Caused by NameResolutionError("HTTPSConnection(host='gis.phoenix.gov', port=443): Failed to resolve 'gis.phoenix.gov' ([Errno 11001] getaddrinfo failed)"))
2026-01-01 16:45:59 - phoenix - INFO - Skipping batch at offset 1000, continuing...
2026-01-01 16:46:01 - phoenix - WARNING - Attempt 1/4 failed for _fetch_batch: HTTPSConnectionPool(host='gis.phoenix.gov', port=443): Max retries exceeded with url: /phoenixgis/rest/services/Public/permits/MapServer/0/query?where=1%3D1&outFields=%2A&returnGeometry=false&resultOffset=2000&resultRecordCount=10&f=json (Caused by NameResolutionError("HTTPSConnection(host='gis.phoenix.gov', port=443): Failed to resolve 'gis.phoenix.gov' ([Errno 11001] getaddrinfo failed)")). Retrying in 2s...
2026-01-01 16:46:03 - phoenix - WARNING - Attempt 2/4 failed for _fetch_batch: HTTPSConnectionPool(host='gis.phoenix.gov', port=443): Max retries exceeded with url: /phoenixgis/rest/services/Public/permits/MapServer/0/query?where=1%3D1&outFields=%2A&returnGeometry=false&resultOffset=2000&resultRecordCount=10&f=json (Caused by NameResolutionError("HTTPSConnection(host='gis.phoenix.gov', port=443): Failed to resolve 'gis.phoenix.gov' ([Errno 11001] getaddrinfo failed)")). Retrying in 4s...
2026-01-01 16:46:07 - phoenix - WARNING - Attempt 3/4 failed for _fetch_batch: HTTPSConnectionPool(host='gis.phoenix.gov', port=443): Max retries exceeded with url: /phoenixgis/rest/services/Public/permits/MapServer/0/query?where=1%3D1&outFields=%2A&returnGeometry=false&resultOffset=2000&resultRecordCount=10&f=json (Caused by NameResolutionError("HTTPSConnection(host='gis.phoenix.gov', port=443): Failed to resolve 'gis.phoenix.gov' ([Errno 11001] getaddrinfo failed)")). Retrying in 8s...
2026-01-01 16:46:15 - phoenix - ERROR - Final attempt failed for _fetch_batch: HTTPSConnectionPool(host='gis.phoenix.gov', port=443): Max retries exceeded with url: /phoenixgis/rest/services/Public/permits/MapServer/0/query?where=1%3D1&outFields=%2A&returnGeometry=false&resultOffset=2000&resultRecordCount=10&f=json (Caused by NameResolutionError("HTTPSConnection(host='gis.phoenix.gov', port=443): Failed to resolve 'gis.phoenix.gov' ([Errno 11001] getaddrinfo failed)"))
2026-01-01 16:46:15 - phoenix - WARNING - Request error at offset 2000: HTTPSConnectionPool(host='gis.phoenix.gov', port=443): Max retries exceeded with url: /phoenixgis/rest/services/Public/permits/MapServer/0/query?where=1%3D1&outFields=%2A&returnGeometry=false&resultOffset=2000&resultRecordCount=10&f=json (Caused by NameResolutionError("HTTPSConnection(host='gis.phoenix.gov', port=443): Failed to resolve 'gis.phoenix.gov' ([Errno 11001] getaddrinfo failed)"))
2026-01-01 16:46:15 - phoenix - ERROR - Too many consecutive failures (3), stopping scrape
