2025-12-01 09:45:30 - sanantonio - INFO - 🏗️  San Antonio TX Construction Permits Scraper
2025-12-01 09:45:30 - sanantonio - INFO - Trying CSV: https://data.sanantonio.gov/dataset/7d6a2a15-e55c-49d7-b5e2-...
2025-12-01 09:45:31 - sanantonio - WARNING - Attempt 1/4 failed for _fetch_csv: 404 Client Error: Not Found for url: https://data.sanantonio.gov/dataset/7d6a2a15-e55c-49d7-b5e2-b4ec3495048c/resource/c21106f9-3ef5-4f3a-8604-f992b4db7512/download/permits-issued.csv. Retrying in 2s...
2025-12-01 09:45:33 - sanantonio - WARNING - Attempt 2/4 failed for _fetch_csv: 404 Client Error: Not Found for url: https://data.sanantonio.gov/dataset/7d6a2a15-e55c-49d7-b5e2-b4ec3495048c/resource/c21106f9-3ef5-4f3a-8604-f992b4db7512/download/permits-issued.csv. Retrying in 4s...
2025-12-01 09:45:37 - sanantonio - WARNING - Attempt 3/4 failed for _fetch_csv: 404 Client Error: Not Found for url: https://data.sanantonio.gov/dataset/7d6a2a15-e55c-49d7-b5e2-b4ec3495048c/resource/c21106f9-3ef5-4f3a-8604-f992b4db7512/download/permits-issued.csv. Retrying in 8s...
2025-12-01 09:45:46 - sanantonio - ERROR - Final attempt failed for _fetch_csv: 404 Client Error: Not Found for url: https://data.sanantonio.gov/dataset/7d6a2a15-e55c-49d7-b5e2-b4ec3495048c/resource/c21106f9-3ef5-4f3a-8604-f992b4db7512/download/permits-issued.csv
2025-12-01 09:45:46 - sanantonio - WARNING - CSV failed: 404 Client Error: Not Found for url: https://data.sanantonio.gov/dataset/7d6a2a15-e55c-49d7-b5e2-b4ec3495048c/resource/c21106f9-3ef5-4f3a-8604-f992b4db7512/download/permits-issued.csv
2025-12-01 09:45:46 - sanantonio - INFO - Trying CSV: https://data.sanantonio.gov/dataset/7d6a2a15-e55c-49d7-b5e2-...
2025-12-01 09:45:46 - sanantonio - WARNING - Attempt 1/4 failed for _fetch_csv: 404 Client Error: Not Found for url: https://data.sanantonio.gov/dataset/7d6a2a15-e55c-49d7-b5e2-b4ec3495048c/resource/fbb7202e-c6c1-475b-849e-c5c2cfb65833/download/applications-submitted.csv. Retrying in 2s...
2025-12-01 09:45:48 - sanantonio - WARNING - Attempt 2/4 failed for _fetch_csv: 404 Client Error: Not Found for url: https://data.sanantonio.gov/dataset/7d6a2a15-e55c-49d7-b5e2-b4ec3495048c/resource/fbb7202e-c6c1-475b-849e-c5c2cfb65833/download/applications-submitted.csv. Retrying in 4s...
2025-12-01 09:45:53 - sanantonio - WARNING - Attempt 3/4 failed for _fetch_csv: 404 Client Error: Not Found for url: https://data.sanantonio.gov/dataset/7d6a2a15-e55c-49d7-b5e2-b4ec3495048c/resource/fbb7202e-c6c1-475b-849e-c5c2cfb65833/download/applications-submitted.csv. Retrying in 8s...
2025-12-01 09:46:01 - sanantonio - ERROR - Final attempt failed for _fetch_csv: 404 Client Error: Not Found for url: https://data.sanantonio.gov/dataset/7d6a2a15-e55c-49d7-b5e2-b4ec3495048c/resource/fbb7202e-c6c1-475b-849e-c5c2cfb65833/download/applications-submitted.csv
2025-12-01 09:46:01 - sanantonio - WARNING - CSV failed: 404 Client Error: Not Found for url: https://data.sanantonio.gov/dataset/7d6a2a15-e55c-49d7-b5e2-b4ec3495048c/resource/fbb7202e-c6c1-475b-849e-c5c2cfb65833/download/applications-submitted.csv
2025-12-01 09:46:01 - sanantonio - INFO - Trying ArcGIS: https://services.arcgis.com/g1fRTDLeMgspWrYp/arcgis/rest/ser...
2025-12-01 09:46:01 - sanantonio - INFO - Trying ArcGIS: https://opendata-cosagis.opendata.arcgis.com/api/v3/datasets...
2025-12-01 09:46:01 - sanantonio - WARNING - Attempt 1/4 failed for _fetch_arcgis: 400 Client Error: Bad Request for url: https://opendata-cosagis.opendata.arcgis.com/api/v3/datasets?where=1%3D1&outFields=%2A&returnGeometry=false&resultRecordCount=1000&f=json. Retrying in 2s...
2025-12-01 09:46:03 - sanantonio - WARNING - Attempt 2/4 failed for _fetch_arcgis: 400 Client Error: Bad Request for url: https://opendata-cosagis.opendata.arcgis.com/api/v3/datasets?where=1%3D1&outFields=%2A&returnGeometry=false&resultRecordCount=1000&f=json. Retrying in 4s...
2025-12-01 09:46:08 - sanantonio - WARNING - Attempt 3/4 failed for _fetch_arcgis: 400 Client Error: Bad Request for url: https://opendata-cosagis.opendata.arcgis.com/api/v3/datasets?where=1%3D1&outFields=%2A&returnGeometry=false&resultRecordCount=1000&f=json. Retrying in 8s...
2025-12-01 09:46:16 - sanantonio - ERROR - Final attempt failed for _fetch_arcgis: 400 Client Error: Bad Request for url: https://opendata-cosagis.opendata.arcgis.com/api/v3/datasets?where=1%3D1&outFields=%2A&returnGeometry=false&resultRecordCount=1000&f=json
2025-12-01 09:46:16 - sanantonio - WARNING - ArcGIS failed: 400 Client Error: Bad Request for url: https://opendata-cosagis.opendata.arcgis.com/api/v3/datasets?where=1%3D1&outFields=%2A&returnGeometry=false&resultRecordCount=1000&f=json
2025-12-01 09:46:16 - sanantonio - ERROR - All San Antonio sources failed
2025-12-01 09:46:16 - sanantonio - WARNING - ❌ No permits scraped for sanantonio
2025-12-01 15:12:27 - sanantonio - INFO - 🏗️  San Antonio TX Construction Permits Scraper
2025-12-01 15:12:27 - sanantonio - INFO - Trying CSV: https://data.sanantonio.gov/dataset/7d6a2a15-e55c-49d7-b5e2-...
2025-12-01 15:12:28 - sanantonio - WARNING - Attempt 1/4 failed for _fetch_csv: 404 Client Error: Not Found for url: https://data.sanantonio.gov/dataset/7d6a2a15-e55c-49d7-b5e2-b4ec3495048c/resource/c21106f9-3ef5-4f3a-8604-f992b4db7512/download/permits-issued.csv. Retrying in 2s...
2025-12-01 15:12:30 - sanantonio - WARNING - Attempt 2/4 failed for _fetch_csv: 404 Client Error: Not Found for url: https://data.sanantonio.gov/dataset/7d6a2a15-e55c-49d7-b5e2-b4ec3495048c/resource/c21106f9-3ef5-4f3a-8604-f992b4db7512/download/permits-issued.csv. Retrying in 4s...
2025-12-01 15:12:34 - sanantonio - WARNING - Attempt 3/4 failed for _fetch_csv: 404 Client Error: Not Found for url: https://data.sanantonio.gov/dataset/7d6a2a15-e55c-49d7-b5e2-b4ec3495048c/resource/c21106f9-3ef5-4f3a-8604-f992b4db7512/download/permits-issued.csv. Retrying in 8s...
2025-12-01 15:12:43 - sanantonio - ERROR - Final attempt failed for _fetch_csv: 404 Client Error: Not Found for url: https://data.sanantonio.gov/dataset/7d6a2a15-e55c-49d7-b5e2-b4ec3495048c/resource/c21106f9-3ef5-4f3a-8604-f992b4db7512/download/permits-issued.csv
2025-12-01 15:12:43 - sanantonio - WARNING - CSV failed: 404 Client Error: Not Found for url: https://data.sanantonio.gov/dataset/7d6a2a15-e55c-49d7-b5e2-b4ec3495048c/resource/c21106f9-3ef5-4f3a-8604-f992b4db7512/download/permits-issued.csv
2025-12-01 15:12:43 - sanantonio - INFO - Trying CSV: https://data.sanantonio.gov/dataset/7d6a2a15-e55c-49d7-b5e2-...
2025-12-01 15:12:43 - sanantonio - WARNING - Attempt 1/4 failed for _fetch_csv: 404 Client Error: Not Found for url: https://data.sanantonio.gov/dataset/7d6a2a15-e55c-49d7-b5e2-b4ec3495048c/resource/fbb7202e-c6c1-475b-849e-c5c2cfb65833/download/applications-submitted.csv. Retrying in 2s...
2025-12-01 15:12:46 - sanantonio - WARNING - Attempt 2/4 failed for _fetch_csv: 404 Client Error: Not Found for url: https://data.sanantonio.gov/dataset/7d6a2a15-e55c-49d7-b5e2-b4ec3495048c/resource/fbb7202e-c6c1-475b-849e-c5c2cfb65833/download/applications-submitted.csv. Retrying in 4s...
2025-12-01 15:12:50 - sanantonio - WARNING - Attempt 3/4 failed for _fetch_csv: 404 Client Error: Not Found for url: https://data.sanantonio.gov/dataset/7d6a2a15-e55c-49d7-b5e2-b4ec3495048c/resource/fbb7202e-c6c1-475b-849e-c5c2cfb65833/download/applications-submitted.csv. Retrying in 8s...
2025-12-01 15:12:58 - sanantonio - ERROR - Final attempt failed for _fetch_csv: 404 Client Error: Not Found for url: https://data.sanantonio.gov/dataset/7d6a2a15-e55c-49d7-b5e2-b4ec3495048c/resource/fbb7202e-c6c1-475b-849e-c5c2cfb65833/download/applications-submitted.csv
2025-12-01 15:12:58 - sanantonio - WARNING - CSV failed: 404 Client Error: Not Found for url: https://data.sanantonio.gov/dataset/7d6a2a15-e55c-49d7-b5e2-b4ec3495048c/resource/fbb7202e-c6c1-475b-849e-c5c2cfb65833/download/applications-submitted.csv
2025-12-01 15:12:58 - sanantonio - INFO - Trying ArcGIS: https://services.arcgis.com/g1fRTDLeMgspWrYp/arcgis/rest/ser...
2025-12-01 15:12:58 - sanantonio - INFO - Trying ArcGIS: https://opendata-cosagis.opendata.arcgis.com/api/v3/datasets...
2025-12-01 15:12:59 - sanantonio - WARNING - Attempt 1/4 failed for _fetch_arcgis: 400 Client Error: Bad Request for url: https://opendata-cosagis.opendata.arcgis.com/api/v3/datasets?where=1%3D1&outFields=%2A&returnGeometry=false&resultRecordCount=3&f=json. Retrying in 2s...
2025-12-01 15:13:01 - sanantonio - WARNING - Attempt 2/4 failed for _fetch_arcgis: 400 Client Error: Bad Request for url: https://opendata-cosagis.opendata.arcgis.com/api/v3/datasets?where=1%3D1&outFields=%2A&returnGeometry=false&resultRecordCount=3&f=json. Retrying in 4s...
2025-12-01 15:13:06 - sanantonio - WARNING - Attempt 3/4 failed for _fetch_arcgis: 400 Client Error: Bad Request for url: https://opendata-cosagis.opendata.arcgis.com/api/v3/datasets?where=1%3D1&outFields=%2A&returnGeometry=false&resultRecordCount=3&f=json. Retrying in 8s...
2025-12-01 15:13:14 - sanantonio - ERROR - Final attempt failed for _fetch_arcgis: 400 Client Error: Bad Request for url: https://opendata-cosagis.opendata.arcgis.com/api/v3/datasets?where=1%3D1&outFields=%2A&returnGeometry=false&resultRecordCount=3&f=json
2025-12-01 15:13:14 - sanantonio - WARNING - ArcGIS failed: 400 Client Error: Bad Request for url: https://opendata-cosagis.opendata.arcgis.com/api/v3/datasets?where=1%3D1&outFields=%2A&returnGeometry=false&resultRecordCount=3&f=json
2025-12-01 15:13:14 - sanantonio - ERROR - All San Antonio sources failed
2025-12-02 05:27:19 - sanantonio - INFO - 🏗️  San Antonio TX Construction Permits Scraper
2025-12-02 05:27:19 - sanantonio - INFO - Trying CSV: https://data.sanantonio.gov/dataset/7d6a2a15-e55c-49d7-b5e2-...
2025-12-02 05:27:19 - sanantonio - WARNING - Attempt 1/4 failed for _fetch_csv: 404 Client Error: Not Found for url: https://data.sanantonio.gov/dataset/7d6a2a15-e55c-49d7-b5e2-b4ec3495048c/resource/c21106f9-3ef5-4f3a-8604-f992b4db7512/download/permits-issued.csv. Retrying in 2s...
2025-12-02 05:27:21 - sanantonio - WARNING - Attempt 2/4 failed for _fetch_csv: 404 Client Error: Not Found for url: https://data.sanantonio.gov/dataset/7d6a2a15-e55c-49d7-b5e2-b4ec3495048c/resource/c21106f9-3ef5-4f3a-8604-f992b4db7512/download/permits-issued.csv. Retrying in 4s...
2025-12-02 05:27:25 - sanantonio - WARNING - Attempt 3/4 failed for _fetch_csv: 404 Client Error: Not Found for url: https://data.sanantonio.gov/dataset/7d6a2a15-e55c-49d7-b5e2-b4ec3495048c/resource/c21106f9-3ef5-4f3a-8604-f992b4db7512/download/permits-issued.csv. Retrying in 8s...
2025-12-02 05:27:34 - sanantonio - ERROR - Final attempt failed for _fetch_csv: 404 Client Error: Not Found for url: https://data.sanantonio.gov/dataset/7d6a2a15-e55c-49d7-b5e2-b4ec3495048c/resource/c21106f9-3ef5-4f3a-8604-f992b4db7512/download/permits-issued.csv
2025-12-02 05:27:34 - sanantonio - WARNING - CSV failed: 404 Client Error: Not Found for url: https://data.sanantonio.gov/dataset/7d6a2a15-e55c-49d7-b5e2-b4ec3495048c/resource/c21106f9-3ef5-4f3a-8604-f992b4db7512/download/permits-issued.csv
2025-12-02 05:27:34 - sanantonio - INFO - Trying CSV: https://data.sanantonio.gov/dataset/7d6a2a15-e55c-49d7-b5e2-...
2025-12-02 05:27:34 - sanantonio - WARNING - Attempt 1/4 failed for _fetch_csv: 404 Client Error: Not Found for url: https://data.sanantonio.gov/dataset/7d6a2a15-e55c-49d7-b5e2-b4ec3495048c/resource/fbb7202e-c6c1-475b-849e-c5c2cfb65833/download/applications-submitted.csv. Retrying in 2s...
2025-12-02 05:27:37 - sanantonio - WARNING - Attempt 2/4 failed for _fetch_csv: 404 Client Error: Not Found for url: https://data.sanantonio.gov/dataset/7d6a2a15-e55c-49d7-b5e2-b4ec3495048c/resource/fbb7202e-c6c1-475b-849e-c5c2cfb65833/download/applications-submitted.csv. Retrying in 4s...
2025-12-02 05:27:41 - sanantonio - WARNING - Attempt 3/4 failed for _fetch_csv: 404 Client Error: Not Found for url: https://data.sanantonio.gov/dataset/7d6a2a15-e55c-49d7-b5e2-b4ec3495048c/resource/fbb7202e-c6c1-475b-849e-c5c2cfb65833/download/applications-submitted.csv. Retrying in 8s...
2025-12-02 05:27:49 - sanantonio - ERROR - Final attempt failed for _fetch_csv: 404 Client Error: Not Found for url: https://data.sanantonio.gov/dataset/7d6a2a15-e55c-49d7-b5e2-b4ec3495048c/resource/fbb7202e-c6c1-475b-849e-c5c2cfb65833/download/applications-submitted.csv
2025-12-02 05:27:49 - sanantonio - WARNING - CSV failed: 404 Client Error: Not Found for url: https://data.sanantonio.gov/dataset/7d6a2a15-e55c-49d7-b5e2-b4ec3495048c/resource/fbb7202e-c6c1-475b-849e-c5c2cfb65833/download/applications-submitted.csv
2025-12-02 05:27:49 - sanantonio - INFO - Trying ArcGIS: https://services.arcgis.com/g1fRTDLeMgspWrYp/arcgis/rest/ser...
2025-12-02 05:27:49 - sanantonio - INFO - Trying ArcGIS: https://opendata-cosagis.opendata.arcgis.com/api/v3/datasets...
2025-12-02 05:27:50 - sanantonio - WARNING - Attempt 1/4 failed for _fetch_arcgis: 400 Client Error: Bad Request for url: https://opendata-cosagis.opendata.arcgis.com/api/v3/datasets?where=1%3D1&outFields=%2A&returnGeometry=false&resultRecordCount=1000&f=json. Retrying in 2s...
2025-12-02 05:27:52 - sanantonio - WARNING - Attempt 2/4 failed for _fetch_arcgis: 400 Client Error: Bad Request for url: https://opendata-cosagis.opendata.arcgis.com/api/v3/datasets?where=1%3D1&outFields=%2A&returnGeometry=false&resultRecordCount=1000&f=json. Retrying in 4s...
2025-12-02 05:27:56 - sanantonio - WARNING - Attempt 3/4 failed for _fetch_arcgis: 400 Client Error: Bad Request for url: https://opendata-cosagis.opendata.arcgis.com/api/v3/datasets?where=1%3D1&outFields=%2A&returnGeometry=false&resultRecordCount=1000&f=json. Retrying in 8s...
2025-12-02 05:28:04 - sanantonio - ERROR - Final attempt failed for _fetch_arcgis: 400 Client Error: Bad Request for url: https://opendata-cosagis.opendata.arcgis.com/api/v3/datasets?where=1%3D1&outFields=%2A&returnGeometry=false&resultRecordCount=1000&f=json
2025-12-02 05:28:04 - sanantonio - WARNING - ArcGIS failed: 400 Client Error: Bad Request for url: https://opendata-cosagis.opendata.arcgis.com/api/v3/datasets?where=1%3D1&outFields=%2A&returnGeometry=false&resultRecordCount=1000&f=json
2025-12-02 05:28:04 - sanantonio - ERROR - All San Antonio sources failed
2025-12-02 05:28:04 - sanantonio - WARNING - ❌ No permits scraped for sanantonio
2025-12-02 20:38:42 - sanantonio - INFO - 🏗️  San Antonio TX Construction Permits Scraper
2025-12-02 20:38:42 - sanantonio - INFO - Trying CSV: https://data.sanantonio.gov/dataset/7d6a2a15-e55c-49d7-b5e2-...
2025-12-02 20:38:42 - sanantonio - WARNING - Attempt 1/4 failed for _fetch_csv: 404 Client Error: Not Found for url: https://data.sanantonio.gov/dataset/7d6a2a15-e55c-49d7-b5e2-b4ec3495048c/resource/c21106f9-3ef5-4f3a-8604-f992b4db7512/download/permits-issued.csv. Retrying in 2s...
2025-12-02 20:38:45 - sanantonio - WARNING - Attempt 2/4 failed for _fetch_csv: 404 Client Error: Not Found for url: https://data.sanantonio.gov/dataset/7d6a2a15-e55c-49d7-b5e2-b4ec3495048c/resource/c21106f9-3ef5-4f3a-8604-f992b4db7512/download/permits-issued.csv. Retrying in 4s...
2025-12-02 20:38:49 - sanantonio - WARNING - Attempt 3/4 failed for _fetch_csv: 404 Client Error: Not Found for url: https://data.sanantonio.gov/dataset/7d6a2a15-e55c-49d7-b5e2-b4ec3495048c/resource/c21106f9-3ef5-4f3a-8604-f992b4db7512/download/permits-issued.csv. Retrying in 8s...
2025-12-02 20:38:57 - sanantonio - ERROR - Final attempt failed for _fetch_csv: 404 Client Error: Not Found for url: https://data.sanantonio.gov/dataset/7d6a2a15-e55c-49d7-b5e2-b4ec3495048c/resource/c21106f9-3ef5-4f3a-8604-f992b4db7512/download/permits-issued.csv
2025-12-02 20:38:57 - sanantonio - WARNING - CSV failed: 404 Client Error: Not Found for url: https://data.sanantonio.gov/dataset/7d6a2a15-e55c-49d7-b5e2-b4ec3495048c/resource/c21106f9-3ef5-4f3a-8604-f992b4db7512/download/permits-issued.csv
2025-12-02 20:38:57 - sanantonio - INFO - Trying CSV: https://data.sanantonio.gov/dataset/7d6a2a15-e55c-49d7-b5e2-...
2025-12-02 20:38:57 - sanantonio - WARNING - Attempt 1/4 failed for _fetch_csv: 404 Client Error: Not Found for url: https://data.sanantonio.gov/dataset/7d6a2a15-e55c-49d7-b5e2-b4ec3495048c/resource/fbb7202e-c6c1-475b-849e-c5c2cfb65833/download/applications-submitted.csv. Retrying in 2s...
2025-12-02 20:39:00 - sanantonio - WARNING - Attempt 2/4 failed for _fetch_csv: 404 Client Error: Not Found for url: https://data.sanantonio.gov/dataset/7d6a2a15-e55c-49d7-b5e2-b4ec3495048c/resource/fbb7202e-c6c1-475b-849e-c5c2cfb65833/download/applications-submitted.csv. Retrying in 4s...
2025-12-02 20:39:04 - sanantonio - WARNING - Attempt 3/4 failed for _fetch_csv: 404 Client Error: Not Found for url: https://data.sanantonio.gov/dataset/7d6a2a15-e55c-49d7-b5e2-b4ec3495048c/resource/fbb7202e-c6c1-475b-849e-c5c2cfb65833/download/applications-submitted.csv. Retrying in 8s...
2025-12-02 20:39:12 - sanantonio - ERROR - Final attempt failed for _fetch_csv: 404 Client Error: Not Found for url: https://data.sanantonio.gov/dataset/7d6a2a15-e55c-49d7-b5e2-b4ec3495048c/resource/fbb7202e-c6c1-475b-849e-c5c2cfb65833/download/applications-submitted.csv
2025-12-02 20:39:12 - sanantonio - WARNING - CSV failed: 404 Client Error: Not Found for url: https://data.sanantonio.gov/dataset/7d6a2a15-e55c-49d7-b5e2-b4ec3495048c/resource/fbb7202e-c6c1-475b-849e-c5c2cfb65833/download/applications-submitted.csv
2025-12-02 20:39:12 - sanantonio - INFO - Trying ArcGIS: https://services.arcgis.com/g1fRTDLeMgspWrYp/arcgis/rest/ser...
2025-12-02 20:39:13 - sanantonio - INFO - Trying ArcGIS: https://opendata-cosagis.opendata.arcgis.com/api/v3/datasets...
2025-12-02 20:39:13 - sanantonio - WARNING - Attempt 1/4 failed for _fetch_arcgis: 400 Client Error: Bad Request for url: https://opendata-cosagis.opendata.arcgis.com/api/v3/datasets?where=1%3D1&outFields=%2A&returnGeometry=false&resultRecordCount=3&f=json. Retrying in 2s...
2025-12-02 20:39:15 - sanantonio - WARNING - Attempt 2/4 failed for _fetch_arcgis: 400 Client Error: Bad Request for url: https://opendata-cosagis.opendata.arcgis.com/api/v3/datasets?where=1%3D1&outFields=%2A&returnGeometry=false&resultRecordCount=3&f=json. Retrying in 4s...
2025-12-02 20:39:19 - sanantonio - WARNING - Attempt 3/4 failed for _fetch_arcgis: 400 Client Error: Bad Request for url: https://opendata-cosagis.opendata.arcgis.com/api/v3/datasets?where=1%3D1&outFields=%2A&returnGeometry=false&resultRecordCount=3&f=json. Retrying in 8s...
2025-12-02 20:39:27 - sanantonio - ERROR - Final attempt failed for _fetch_arcgis: 400 Client Error: Bad Request for url: https://opendata-cosagis.opendata.arcgis.com/api/v3/datasets?where=1%3D1&outFields=%2A&returnGeometry=false&resultRecordCount=3&f=json
2025-12-02 20:39:27 - sanantonio - WARNING - ArcGIS failed: 400 Client Error: Bad Request for url: https://opendata-cosagis.opendata.arcgis.com/api/v3/datasets?where=1%3D1&outFields=%2A&returnGeometry=false&resultRecordCount=3&f=json
2025-12-02 20:39:27 - sanantonio - ERROR - All San Antonio sources failed
2025-12-03 19:21:41 - sanantonio - INFO - 🏗️  San Antonio TX Construction Permits Scraper
2025-12-03 19:21:41 - sanantonio - INFO - Trying CSV: https://data.sanantonio.gov/dataset/7d6a2a15-e55c-49d7-b5e2-...
2025-12-03 19:21:41 - sanantonio - WARNING - Attempt 1/4 failed for _fetch_csv: 404 Client Error: Not Found for url: https://data.sanantonio.gov/dataset/7d6a2a15-e55c-49d7-b5e2-b4ec3495048c/resource/c21106f9-3ef5-4f3a-8604-f992b4db7512/download/permits-issued.csv. Retrying in 2s...
2025-12-03 19:21:44 - sanantonio - WARNING - Attempt 2/4 failed for _fetch_csv: 404 Client Error: Not Found for url: https://data.sanantonio.gov/dataset/7d6a2a15-e55c-49d7-b5e2-b4ec3495048c/resource/c21106f9-3ef5-4f3a-8604-f992b4db7512/download/permits-issued.csv. Retrying in 4s...
2025-12-03 19:21:48 - sanantonio - WARNING - Attempt 3/4 failed for _fetch_csv: 404 Client Error: Not Found for url: https://data.sanantonio.gov/dataset/7d6a2a15-e55c-49d7-b5e2-b4ec3495048c/resource/c21106f9-3ef5-4f3a-8604-f992b4db7512/download/permits-issued.csv. Retrying in 8s...
2025-12-03 19:21:56 - sanantonio - ERROR - Final attempt failed for _fetch_csv: 404 Client Error: Not Found for url: https://data.sanantonio.gov/dataset/7d6a2a15-e55c-49d7-b5e2-b4ec3495048c/resource/c21106f9-3ef5-4f3a-8604-f992b4db7512/download/permits-issued.csv
2025-12-03 19:21:56 - sanantonio - WARNING - CSV failed: 404 Client Error: Not Found for url: https://data.sanantonio.gov/dataset/7d6a2a15-e55c-49d7-b5e2-b4ec3495048c/resource/c21106f9-3ef5-4f3a-8604-f992b4db7512/download/permits-issued.csv
2025-12-03 19:21:56 - sanantonio - INFO - Trying CSV: https://data.sanantonio.gov/dataset/7d6a2a15-e55c-49d7-b5e2-...
2025-12-03 19:21:57 - sanantonio - WARNING - Attempt 1/4 failed for _fetch_csv: 404 Client Error: Not Found for url: https://data.sanantonio.gov/dataset/7d6a2a15-e55c-49d7-b5e2-b4ec3495048c/resource/fbb7202e-c6c1-475b-849e-c5c2cfb65833/download/applications-submitted.csv. Retrying in 2s...
2025-12-03 19:21:59 - sanantonio - WARNING - Attempt 2/4 failed for _fetch_csv: 404 Client Error: Not Found for url: https://data.sanantonio.gov/dataset/7d6a2a15-e55c-49d7-b5e2-b4ec3495048c/resource/fbb7202e-c6c1-475b-849e-c5c2cfb65833/download/applications-submitted.csv. Retrying in 4s...
2025-12-03 19:22:03 - sanantonio - WARNING - Attempt 3/4 failed for _fetch_csv: 404 Client Error: Not Found for url: https://data.sanantonio.gov/dataset/7d6a2a15-e55c-49d7-b5e2-b4ec3495048c/resource/fbb7202e-c6c1-475b-849e-c5c2cfb65833/download/applications-submitted.csv. Retrying in 8s...
2025-12-03 19:22:12 - sanantonio - ERROR - Final attempt failed for _fetch_csv: 404 Client Error: Not Found for url: https://data.sanantonio.gov/dataset/7d6a2a15-e55c-49d7-b5e2-b4ec3495048c/resource/fbb7202e-c6c1-475b-849e-c5c2cfb65833/download/applications-submitted.csv
2025-12-03 19:22:12 - sanantonio - WARNING - CSV failed: 404 Client Error: Not Found for url: https://data.sanantonio.gov/dataset/7d6a2a15-e55c-49d7-b5e2-b4ec3495048c/resource/fbb7202e-c6c1-475b-849e-c5c2cfb65833/download/applications-submitted.csv
2025-12-03 19:22:12 - sanantonio - INFO - Trying ArcGIS: https://services.arcgis.com/g1fRTDLeMgspWrYp/arcgis/rest/ser...
2025-12-03 19:22:12 - sanantonio - INFO - Trying ArcGIS: https://opendata-cosagis.opendata.arcgis.com/api/v3/datasets...
2025-12-03 19:22:12 - sanantonio - WARNING - Attempt 1/4 failed for _fetch_arcgis: 400 Client Error: Bad Request for url: https://opendata-cosagis.opendata.arcgis.com/api/v3/datasets?where=1%3D1&outFields=%2A&returnGeometry=false&resultRecordCount=1000&f=json. Retrying in 2s...
2025-12-03 19:22:14 - sanantonio - WARNING - Attempt 2/4 failed for _fetch_arcgis: 400 Client Error: Bad Request for url: https://opendata-cosagis.opendata.arcgis.com/api/v3/datasets?where=1%3D1&outFields=%2A&returnGeometry=false&resultRecordCount=1000&f=json. Retrying in 4s...
2025-12-03 19:22:18 - sanantonio - WARNING - Attempt 3/4 failed for _fetch_arcgis: 400 Client Error: Bad Request for url: https://opendata-cosagis.opendata.arcgis.com/api/v3/datasets?where=1%3D1&outFields=%2A&returnGeometry=false&resultRecordCount=1000&f=json. Retrying in 8s...
2025-12-03 19:22:26 - sanantonio - ERROR - Final attempt failed for _fetch_arcgis: 400 Client Error: Bad Request for url: https://opendata-cosagis.opendata.arcgis.com/api/v3/datasets?where=1%3D1&outFields=%2A&returnGeometry=false&resultRecordCount=1000&f=json
2025-12-03 19:22:26 - sanantonio - WARNING - ArcGIS failed: 400 Client Error: Bad Request for url: https://opendata-cosagis.opendata.arcgis.com/api/v3/datasets?where=1%3D1&outFields=%2A&returnGeometry=false&resultRecordCount=1000&f=json
2025-12-03 19:22:26 - sanantonio - ERROR - All San Antonio sources failed
2025-12-03 19:22:26 - sanantonio - WARNING - ❌ No permits scraped for sanantonio
2025-12-03 20:38:49 - sanantonio - INFO - 🏗️  San Antonio TX Construction Permits Scraper
2025-12-03 20:38:49 - sanantonio - INFO - Trying CSV: https://data.sanantonio.gov/dataset/7d6a2a15-e55c-49d7-b5e2-...
2025-12-03 20:38:50 - sanantonio - WARNING - Attempt 1/4 failed for _fetch_csv: 404 Client Error: Not Found for url: https://data.sanantonio.gov/dataset/7d6a2a15-e55c-49d7-b5e2-b4ec3495048c/resource/c21106f9-3ef5-4f3a-8604-f992b4db7512/download/permits-issued.csv. Retrying in 2s...
2025-12-03 20:38:52 - sanantonio - WARNING - Attempt 2/4 failed for _fetch_csv: 404 Client Error: Not Found for url: https://data.sanantonio.gov/dataset/7d6a2a15-e55c-49d7-b5e2-b4ec3495048c/resource/c21106f9-3ef5-4f3a-8604-f992b4db7512/download/permits-issued.csv. Retrying in 4s...
2025-12-03 20:38:56 - sanantonio - WARNING - Attempt 3/4 failed for _fetch_csv: 404 Client Error: Not Found for url: https://data.sanantonio.gov/dataset/7d6a2a15-e55c-49d7-b5e2-b4ec3495048c/resource/c21106f9-3ef5-4f3a-8604-f992b4db7512/download/permits-issued.csv. Retrying in 8s...
2025-12-03 20:39:05 - sanantonio - ERROR - Final attempt failed for _fetch_csv: 404 Client Error: Not Found for url: https://data.sanantonio.gov/dataset/7d6a2a15-e55c-49d7-b5e2-b4ec3495048c/resource/c21106f9-3ef5-4f3a-8604-f992b4db7512/download/permits-issued.csv
2025-12-03 20:39:05 - sanantonio - WARNING - CSV failed: 404 Client Error: Not Found for url: https://data.sanantonio.gov/dataset/7d6a2a15-e55c-49d7-b5e2-b4ec3495048c/resource/c21106f9-3ef5-4f3a-8604-f992b4db7512/download/permits-issued.csv
2025-12-03 20:39:05 - sanantonio - INFO - Trying CSV: https://data.sanantonio.gov/dataset/7d6a2a15-e55c-49d7-b5e2-...
2025-12-03 20:39:05 - sanantonio - WARNING - Attempt 1/4 failed for _fetch_csv: 404 Client Error: Not Found for url: https://data.sanantonio.gov/dataset/7d6a2a15-e55c-49d7-b5e2-b4ec3495048c/resource/fbb7202e-c6c1-475b-849e-c5c2cfb65833/download/applications-submitted.csv. Retrying in 2s...
2025-12-03 20:39:07 - sanantonio - WARNING - Attempt 2/4 failed for _fetch_csv: 404 Client Error: Not Found for url: https://data.sanantonio.gov/dataset/7d6a2a15-e55c-49d7-b5e2-b4ec3495048c/resource/fbb7202e-c6c1-475b-849e-c5c2cfb65833/download/applications-submitted.csv. Retrying in 4s...
2025-12-03 20:39:12 - sanantonio - WARNING - Attempt 3/4 failed for _fetch_csv: 404 Client Error: Not Found for url: https://data.sanantonio.gov/dataset/7d6a2a15-e55c-49d7-b5e2-b4ec3495048c/resource/fbb7202e-c6c1-475b-849e-c5c2cfb65833/download/applications-submitted.csv. Retrying in 8s...
2025-12-03 20:39:20 - sanantonio - ERROR - Final attempt failed for _fetch_csv: 404 Client Error: Not Found for url: https://data.sanantonio.gov/dataset/7d6a2a15-e55c-49d7-b5e2-b4ec3495048c/resource/fbb7202e-c6c1-475b-849e-c5c2cfb65833/download/applications-submitted.csv
2025-12-03 20:39:20 - sanantonio - WARNING - CSV failed: 404 Client Error: Not Found for url: https://data.sanantonio.gov/dataset/7d6a2a15-e55c-49d7-b5e2-b4ec3495048c/resource/fbb7202e-c6c1-475b-849e-c5c2cfb65833/download/applications-submitted.csv
2025-12-03 20:39:20 - sanantonio - INFO - Trying ArcGIS: https://services.arcgis.com/g1fRTDLeMgspWrYp/arcgis/rest/ser...
2025-12-03 20:39:20 - sanantonio - INFO - Trying ArcGIS: https://opendata-cosagis.opendata.arcgis.com/api/v3/datasets...
2025-12-03 20:39:20 - sanantonio - WARNING - Attempt 1/4 failed for _fetch_arcgis: 400 Client Error: Bad Request for url: https://opendata-cosagis.opendata.arcgis.com/api/v3/datasets?where=1%3D1&outFields=%2A&returnGeometry=false&resultRecordCount=1000&f=json. Retrying in 2s...
2025-12-03 20:39:23 - sanantonio - WARNING - Attempt 2/4 failed for _fetch_arcgis: 400 Client Error: Bad Request for url: https://opendata-cosagis.opendata.arcgis.com/api/v3/datasets?where=1%3D1&outFields=%2A&returnGeometry=false&resultRecordCount=1000&f=json. Retrying in 4s...
2025-12-03 20:39:27 - sanantonio - WARNING - Attempt 3/4 failed for _fetch_arcgis: 400 Client Error: Bad Request for url: https://opendata-cosagis.opendata.arcgis.com/api/v3/datasets?where=1%3D1&outFields=%2A&returnGeometry=false&resultRecordCount=1000&f=json. Retrying in 8s...
2025-12-03 20:39:35 - sanantonio - ERROR - Final attempt failed for _fetch_arcgis: 400 Client Error: Bad Request for url: https://opendata-cosagis.opendata.arcgis.com/api/v3/datasets?where=1%3D1&outFields=%2A&returnGeometry=false&resultRecordCount=1000&f=json
2025-12-03 20:39:35 - sanantonio - WARNING - ArcGIS failed: 400 Client Error: Bad Request for url: https://opendata-cosagis.opendata.arcgis.com/api/v3/datasets?where=1%3D1&outFields=%2A&returnGeometry=false&resultRecordCount=1000&f=json
2025-12-03 20:39:35 - sanantonio - ERROR - All San Antonio sources failed
2025-12-03 20:39:35 - sanantonio - WARNING - ❌ No permits scraped for sanantonio
2025-12-03 20:48:11 - sanantonio - INFO - 🏗️  San Antonio TX Construction Permits Scraper
2025-12-03 20:48:11 - sanantonio - INFO - Trying CSV: https://data.sanantonio.gov/dataset/7d6a2a15-e55c-49d7-b5e2-...
2025-12-03 20:48:12 - sanantonio - WARNING - Attempt 1/4 failed for _fetch_csv: 404 Client Error: Not Found for url: https://data.sanantonio.gov/dataset/7d6a2a15-e55c-49d7-b5e2-b4ec3495048c/resource/c21106f9-3ef5-4f3a-8604-f992b4db7512/download/permits-issued.csv. Retrying in 2s...
2025-12-03 20:48:14 - sanantonio - WARNING - Attempt 2/4 failed for _fetch_csv: 404 Client Error: Not Found for url: https://data.sanantonio.gov/dataset/7d6a2a15-e55c-49d7-b5e2-b4ec3495048c/resource/c21106f9-3ef5-4f3a-8604-f992b4db7512/download/permits-issued.csv. Retrying in 4s...
2025-12-03 20:48:18 - sanantonio - WARNING - Attempt 3/4 failed for _fetch_csv: 404 Client Error: Not Found for url: https://data.sanantonio.gov/dataset/7d6a2a15-e55c-49d7-b5e2-b4ec3495048c/resource/c21106f9-3ef5-4f3a-8604-f992b4db7512/download/permits-issued.csv. Retrying in 8s...
2025-12-03 20:48:27 - sanantonio - ERROR - Final attempt failed for _fetch_csv: 404 Client Error: Not Found for url: https://data.sanantonio.gov/dataset/7d6a2a15-e55c-49d7-b5e2-b4ec3495048c/resource/c21106f9-3ef5-4f3a-8604-f992b4db7512/download/permits-issued.csv
2025-12-03 20:48:27 - sanantonio - WARNING - CSV failed: 404 Client Error: Not Found for url: https://data.sanantonio.gov/dataset/7d6a2a15-e55c-49d7-b5e2-b4ec3495048c/resource/c21106f9-3ef5-4f3a-8604-f992b4db7512/download/permits-issued.csv
2025-12-03 20:48:27 - sanantonio - INFO - Trying CSV: https://data.sanantonio.gov/dataset/7d6a2a15-e55c-49d7-b5e2-...
2025-12-03 20:48:27 - sanantonio - WARNING - Attempt 1/4 failed for _fetch_csv: 404 Client Error: Not Found for url: https://data.sanantonio.gov/dataset/7d6a2a15-e55c-49d7-b5e2-b4ec3495048c/resource/fbb7202e-c6c1-475b-849e-c5c2cfb65833/download/applications-submitted.csv. Retrying in 2s...
2025-12-03 20:48:29 - sanantonio - WARNING - Attempt 2/4 failed for _fetch_csv: 404 Client Error: Not Found for url: https://data.sanantonio.gov/dataset/7d6a2a15-e55c-49d7-b5e2-b4ec3495048c/resource/fbb7202e-c6c1-475b-849e-c5c2cfb65833/download/applications-submitted.csv. Retrying in 4s...
2025-12-03 20:48:34 - sanantonio - WARNING - Attempt 3/4 failed for _fetch_csv: 404 Client Error: Not Found for url: https://data.sanantonio.gov/dataset/7d6a2a15-e55c-49d7-b5e2-b4ec3495048c/resource/fbb7202e-c6c1-475b-849e-c5c2cfb65833/download/applications-submitted.csv. Retrying in 8s...
2025-12-03 20:48:42 - sanantonio - ERROR - Final attempt failed for _fetch_csv: 404 Client Error: Not Found for url: https://data.sanantonio.gov/dataset/7d6a2a15-e55c-49d7-b5e2-b4ec3495048c/resource/fbb7202e-c6c1-475b-849e-c5c2cfb65833/download/applications-submitted.csv
2025-12-03 20:48:42 - sanantonio - WARNING - CSV failed: 404 Client Error: Not Found for url: https://data.sanantonio.gov/dataset/7d6a2a15-e55c-49d7-b5e2-b4ec3495048c/resource/fbb7202e-c6c1-475b-849e-c5c2cfb65833/download/applications-submitted.csv
2025-12-03 20:48:42 - sanantonio - INFO - Trying ArcGIS: https://services.arcgis.com/g1fRTDLeMgspWrYp/arcgis/rest/ser...
2025-12-03 20:48:42 - sanantonio - INFO - Trying ArcGIS: https://opendata-cosagis.opendata.arcgis.com/api/v3/datasets...
2025-12-03 20:48:43 - sanantonio - WARNING - Attempt 1/4 failed for _fetch_arcgis: 400 Client Error: Bad Request for url: https://opendata-cosagis.opendata.arcgis.com/api/v3/datasets?where=1%3D1&outFields=%2A&returnGeometry=false&resultRecordCount=1000&f=json. Retrying in 2s...
2025-12-03 20:48:45 - sanantonio - WARNING - Attempt 2/4 failed for _fetch_arcgis: 400 Client Error: Bad Request for url: https://opendata-cosagis.opendata.arcgis.com/api/v3/datasets?where=1%3D1&outFields=%2A&returnGeometry=false&resultRecordCount=1000&f=json. Retrying in 4s...
2025-12-03 20:48:49 - sanantonio - WARNING - Attempt 3/4 failed for _fetch_arcgis: 400 Client Error: Bad Request for url: https://opendata-cosagis.opendata.arcgis.com/api/v3/datasets?where=1%3D1&outFields=%2A&returnGeometry=false&resultRecordCount=1000&f=json. Retrying in 8s...
2025-12-03 20:48:57 - sanantonio - ERROR - Final attempt failed for _fetch_arcgis: 400 Client Error: Bad Request for url: https://opendata-cosagis.opendata.arcgis.com/api/v3/datasets?where=1%3D1&outFields=%2A&returnGeometry=false&resultRecordCount=1000&f=json
2025-12-03 20:48:57 - sanantonio - WARNING - ArcGIS failed: 400 Client Error: Bad Request for url: https://opendata-cosagis.opendata.arcgis.com/api/v3/datasets?where=1%3D1&outFields=%2A&returnGeometry=false&resultRecordCount=1000&f=json
2025-12-03 20:48:57 - sanantonio - ERROR - All San Antonio sources failed
2025-12-03 20:48:57 - sanantonio - WARNING - ❌ No permits scraped for sanantonio
2025-12-03 21:39:13 - sanantonio - INFO - 🏗️  San Antonio TX Construction Permits Scraper
2025-12-03 21:39:13 - sanantonio - INFO - Trying CSV: https://data.sanantonio.gov/dataset/05012dcb-ba1b-4ade-b5f3-...
2025-12-03 21:39:17 - sanantonio - INFO - Trying CSV: https://data.sanantonio.gov/dataset/05012dcb-ba1b-4ade-b5f3-...
2025-12-03 21:39:21 - sanantonio - INFO - Trying ArcGIS: https://services.arcgis.com/g1fRTDLeMgspWrYp/arcgis/rest/ser...
2025-12-03 21:39:21 - sanantonio - INFO - Trying ArcGIS: https://opendata-cosagis.opendata.arcgis.com/api/v3/datasets...
2025-12-03 21:39:21 - sanantonio - WARNING - Attempt 1/4 failed for _fetch_arcgis: 400 Client Error: Bad Request for url: https://opendata-cosagis.opendata.arcgis.com/api/v3/datasets?where=1%3D1&outFields=%2A&returnGeometry=false&resultRecordCount=1000&f=json. Retrying in 2s...
2025-12-03 21:39:23 - sanantonio - WARNING - Attempt 2/4 failed for _fetch_arcgis: 400 Client Error: Bad Request for url: https://opendata-cosagis.opendata.arcgis.com/api/v3/datasets?where=1%3D1&outFields=%2A&returnGeometry=false&resultRecordCount=1000&f=json. Retrying in 4s...
2025-12-03 21:39:27 - sanantonio - WARNING - Attempt 3/4 failed for _fetch_arcgis: 400 Client Error: Bad Request for url: https://opendata-cosagis.opendata.arcgis.com/api/v3/datasets?where=1%3D1&outFields=%2A&returnGeometry=false&resultRecordCount=1000&f=json. Retrying in 8s...
2025-12-03 21:39:36 - sanantonio - ERROR - Final attempt failed for _fetch_arcgis: 400 Client Error: Bad Request for url: https://opendata-cosagis.opendata.arcgis.com/api/v3/datasets?where=1%3D1&outFields=%2A&returnGeometry=false&resultRecordCount=1000&f=json
2025-12-03 21:39:36 - sanantonio - WARNING - ArcGIS failed: 400 Client Error: Bad Request for url: https://opendata-cosagis.opendata.arcgis.com/api/v3/datasets?where=1%3D1&outFields=%2A&returnGeometry=false&resultRecordCount=1000&f=json
2025-12-03 21:39:36 - sanantonio - ERROR - All San Antonio sources failed
2025-12-03 21:39:36 - sanantonio - WARNING - ❌ No permits scraped for sanantonio
2025-12-03 21:42:48 - sanantonio - INFO - 🏗️  San Antonio TX Construction Permits Scraper
2025-12-03 21:42:48 - sanantonio - INFO - Trying CSV: https://data.sanantonio.gov/dataset/05012dcb-ba1b-4ade-b5f3-...
2025-12-03 21:42:52 - sanantonio - INFO - Trying CSV: https://data.sanantonio.gov/dataset/05012dcb-ba1b-4ade-b5f3-...
2025-12-03 21:42:55 - sanantonio - INFO - Trying ArcGIS: https://services.arcgis.com/g1fRTDLeMgspWrYp/arcgis/rest/ser...
2025-12-03 21:42:55 - sanantonio - INFO - Trying ArcGIS: https://opendata-cosagis.opendata.arcgis.com/api/v3/datasets...
2025-12-03 21:42:56 - sanantonio - WARNING - Attempt 1/4 failed for _fetch_arcgis: 400 Client Error: Bad Request for url: https://opendata-cosagis.opendata.arcgis.com/api/v3/datasets?where=1%3D1&outFields=%2A&returnGeometry=false&resultRecordCount=1000&f=json. Retrying in 2s...
2025-12-03 21:42:58 - sanantonio - WARNING - Attempt 2/4 failed for _fetch_arcgis: 400 Client Error: Bad Request for url: https://opendata-cosagis.opendata.arcgis.com/api/v3/datasets?where=1%3D1&outFields=%2A&returnGeometry=false&resultRecordCount=1000&f=json. Retrying in 4s...
2025-12-03 21:43:02 - sanantonio - WARNING - Attempt 3/4 failed for _fetch_arcgis: 400 Client Error: Bad Request for url: https://opendata-cosagis.opendata.arcgis.com/api/v3/datasets?where=1%3D1&outFields=%2A&returnGeometry=false&resultRecordCount=1000&f=json. Retrying in 8s...
2025-12-03 21:43:10 - sanantonio - ERROR - Final attempt failed for _fetch_arcgis: 400 Client Error: Bad Request for url: https://opendata-cosagis.opendata.arcgis.com/api/v3/datasets?where=1%3D1&outFields=%2A&returnGeometry=false&resultRecordCount=1000&f=json
2025-12-03 21:43:10 - sanantonio - WARNING - ArcGIS failed: 400 Client Error: Bad Request for url: https://opendata-cosagis.opendata.arcgis.com/api/v3/datasets?where=1%3D1&outFields=%2A&returnGeometry=false&resultRecordCount=1000&f=json
2025-12-03 21:43:10 - sanantonio - ERROR - All San Antonio sources failed
2025-12-09 14:38:59 - sanantonio - INFO - 🏗️  San Antonio TX Construction Permits Scraper
2025-12-09 14:38:59 - sanantonio - INFO - Trying CSV: https://data.sanantonio.gov/dataset/05012dcb-ba1b-4ade-b5f3-...
2025-12-09 14:39:03 - sanantonio - INFO - Trying CSV: https://data.sanantonio.gov/dataset/05012dcb-ba1b-4ade-b5f3-...
2025-12-09 14:39:07 - sanantonio - INFO - Trying ArcGIS: https://services.arcgis.com/g1fRTDLeMgspWrYp/arcgis/rest/ser...
2025-12-09 14:39:07 - sanantonio - INFO - Trying ArcGIS: https://opendata-cosagis.opendata.arcgis.com/api/v3/datasets...
2025-12-09 14:39:08 - sanantonio - WARNING - Attempt 1/4 failed for _fetch_arcgis: 400 Client Error: Bad Request for url: https://opendata-cosagis.opendata.arcgis.com/api/v3/datasets?where=1%3D1&outFields=%2A&returnGeometry=false&resultRecordCount=10&f=json. Retrying in 2s...
2025-12-09 14:39:10 - sanantonio - WARNING - Attempt 2/4 failed for _fetch_arcgis: 400 Client Error: Bad Request for url: https://opendata-cosagis.opendata.arcgis.com/api/v3/datasets?where=1%3D1&outFields=%2A&returnGeometry=false&resultRecordCount=10&f=json. Retrying in 4s...
2025-12-09 14:39:14 - sanantonio - WARNING - Attempt 3/4 failed for _fetch_arcgis: 400 Client Error: Bad Request for url: https://opendata-cosagis.opendata.arcgis.com/api/v3/datasets?where=1%3D1&outFields=%2A&returnGeometry=false&resultRecordCount=10&f=json. Retrying in 8s...
2025-12-09 14:39:22 - sanantonio - ERROR - Final attempt failed for _fetch_arcgis: 400 Client Error: Bad Request for url: https://opendata-cosagis.opendata.arcgis.com/api/v3/datasets?where=1%3D1&outFields=%2A&returnGeometry=false&resultRecordCount=10&f=json
2025-12-09 14:39:22 - sanantonio - WARNING - ArcGIS failed: 400 Client Error: Bad Request for url: https://opendata-cosagis.opendata.arcgis.com/api/v3/datasets?where=1%3D1&outFields=%2A&returnGeometry=false&resultRecordCount=10&f=json
2025-12-09 14:39:22 - sanantonio - ERROR - All San Antonio sources failed
2025-12-11 16:20:08 - sanantonio - INFO - 🏗️  San Antonio TX Construction Permits Scraper
2025-12-11 16:20:08 - sanantonio - INFO - Trying CSV: https://data.sanantonio.gov/dataset/05012dcb-ba1b-4ade-b5f3-...
2025-12-11 16:20:13 - sanantonio - INFO - ✅ Success! Got 100 permits from CSV
2026-01-01 16:26:59 - sanantonio - INFO - Trying CSV: https://data.sanantonio.gov/dataset/05012dcb-ba1b-4ade-b5f3-...
2026-01-01 16:41:28 - sanantonio - INFO - Trying CSV: https://data.sanantonio.gov/dataset/05012dcb-ba1b-4ade-b5f3-...
2026-01-01 16:44:26 - sanantonio - INFO - Trying CSV: https://data.sanantonio.gov/dataset/05012dcb-ba1b-4ade-b5f3-...
